This is XeTeX, Version 3.141592653-2.6-0.999994 (TeX Live 2022) (preloaded format=xelatex 2022.8.3)  4 AUG 2022 13:14
entering extended mode
 restricted \write18 enabled.
 file:line:error style messages enabled.
 %&-line parsing enabled.
**/Users/iotmbp2017/Documents/GitHub/Thesis_Latex/ThesisCh/thesis
(/Users/iotmbp2017/Documents/GitHub/Thesis_Latex/ThesisCh/thesis.tex
LaTeX2e <2021-11-15> patch level 1
L3 programming layer <2022-02-24> (/usr/local/texlive/2022/texmf-dist/tex/latex/base/book.cls
Document Class: book 2021/10/04 v1.4n Standard LaTeX document class
(/usr/local/texlive/2022/texmf-dist/tex/latex/base/bk12.clo
File: bk12.clo 2021/10/04 v1.4n Standard LaTeX file (size option)
)
\c@part=\count181
\c@chapter=\count182
\c@section=\count183
\c@subsection=\count184
\c@subsubsection=\count185
\c@paragraph=\count186
\c@subparagraph=\count187
\c@figure=\count188
\c@table=\count189
\abovecaptionskip=\skip47
\belowcaptionskip=\skip48
\bibindent=\dimen138
) (./PackageSetting.tex (/usr/local/texlive/2022/texmf-dist/tex/latex/cite/cite.sty
LaTeX Info: Redefining \cite on input line 302.
LaTeX Info: Redefining \nocite on input line 332.
Package: cite 2015/02/27  v 5.5
) (/usr/local/texlive/2022/texmf-dist/tex/latex/url/url.sty
\Urlmuskip=\muskip16
Package: url 2013/09/16  ver 3.4  Verb mode for urls, etc.
) (/usr/local/texlive/2022/texmf-dist/tex/latex/hyperref/hyperref.sty
Package: hyperref 2022-02-21 v7.00n Hypertext links for LaTeX
 (/usr/local/texlive/2022/texmf-dist/tex/generic/ltxcmds/ltxcmds.sty
Package: ltxcmds 2020-05-10 v1.25 LaTeX kernel commands for general use (HO)
) (/usr/local/texlive/2022/texmf-dist/tex/generic/iftex/iftex.sty
Package: iftex 2022/02/03 v1.0f TeX engine tests
) (/usr/local/texlive/2022/texmf-dist/tex/generic/pdftexcmds/pdftexcmds.sty
Package: pdftexcmds 2020-06-27 v0.33 Utility functions of pdfTeX for LuaTeX (HO)
 (/usr/local/texlive/2022/texmf-dist/tex/generic/infwarerr/infwarerr.sty
Package: infwarerr 2019/12/03 v1.5 Providing info/warning/error messages (HO)
)
Package pdftexcmds Info: \pdf@primitive is available.
Package pdftexcmds Info: \pdf@ifprimitive is available.
Package pdftexcmds Info: \pdfdraftmode not found.
) (/usr/local/texlive/2022/texmf-dist/tex/latex/graphics/keyval.sty
Package: keyval 2014/10/28 v1.15 key=value parser (DPC)
\KV@toks@=\toks16
) (/usr/local/texlive/2022/texmf-dist/tex/generic/kvsetkeys/kvsetkeys.sty
Package: kvsetkeys 2019/12/15 v1.18 Key value parser (HO)
) (/usr/local/texlive/2022/texmf-dist/tex/generic/kvdefinekeys/kvdefinekeys.sty
Package: kvdefinekeys 2019-12-19 v1.6 Define keys (HO)
) (/usr/local/texlive/2022/texmf-dist/tex/generic/pdfescape/pdfescape.sty
Package: pdfescape 2019/12/09 v1.15 Implements pdfTeX's escape features (HO)
) (/usr/local/texlive/2022/texmf-dist/tex/latex/hycolor/hycolor.sty
Package: hycolor 2020-01-27 v1.10 Color options for hyperref/bookmark (HO)
) (/usr/local/texlive/2022/texmf-dist/tex/latex/letltxmacro/letltxmacro.sty
Package: letltxmacro 2019/12/03 v1.6 Let assignment for LaTeX macros (HO)
) (/usr/local/texlive/2022/texmf-dist/tex/latex/auxhook/auxhook.sty
Package: auxhook 2019-12-17 v1.6 Hooks for auxiliary files (HO)
) (/usr/local/texlive/2022/texmf-dist/tex/latex/kvoptions/kvoptions.sty
Package: kvoptions 2020-10-07 v3.14 Key value format for package options (HO)
)
\@linkdim=\dimen139
\Hy@linkcounter=\count190
\Hy@pagecounter=\count191
 (/usr/local/texlive/2022/texmf-dist/tex/latex/hyperref/pd1enc.def
File: pd1enc.def 2022-02-21 v7.00n Hyperref: PDFDocEncoding definition (HO)
) (/usr/local/texlive/2022/texmf-dist/tex/generic/intcalc/intcalc.sty
Package: intcalc 2019/12/15 v1.3 Expandable calculations with integers (HO)
) (/usr/local/texlive/2022/texmf-dist/tex/generic/etexcmds/etexcmds.sty
Package: etexcmds 2019/12/15 v1.7 Avoid name clashes with e-TeX commands (HO)
)
\Hy@SavedSpaceFactor=\count192
 (/usr/local/texlive/2022/texmf-dist/tex/latex/hyperref/puenc.def
File: puenc.def 2022-02-21 v7.00n Hyperref: PDF Unicode definition (HO)
)
Package hyperref Info: Option `colorlinks' set `true' on input line 4018.
Package hyperref Info: Option `unicode' set `true' on input line 4018.
Package hyperref Info: Hyper figures OFF on input line 4137.
Package hyperref Info: Link nesting OFF on input line 4142.
Package hyperref Info: Hyper index ON on input line 4145.
Package hyperref Info: Plain pages OFF on input line 4152.
Package hyperref Info: Backreferencing OFF on input line 4157.
Package hyperref Info: Implicit mode ON; LaTeX internals redefined.
Package hyperref Info: Bookmarks ON on input line 4390.
\c@Hy@tempcnt=\count193
LaTeX Info: Redefining \url on input line 4749.
\XeTeXLinkMargin=\dimen140
 (/usr/local/texlive/2022/texmf-dist/tex/generic/bitset/bitset.sty
Package: bitset 2019/12/09 v1.3 Handle bit-vector datatype (HO)
 (/usr/local/texlive/2022/texmf-dist/tex/generic/bigintcalc/bigintcalc.sty
Package: bigintcalc 2019/12/15 v1.5 Expandable calculations on big integers (HO)
))
\Fld@menulength=\count194
\Field@Width=\dimen141
\Fld@charsize=\dimen142
Package hyperref Info: Hyper figures OFF on input line 6027.
Package hyperref Info: Link nesting OFF on input line 6032.
Package hyperref Info: Hyper index ON on input line 6035.
Package hyperref Info: backreferencing OFF on input line 6042.
Package hyperref Info: Link coloring ON on input line 6045.
Package hyperref Info: Link coloring with OCG OFF on input line 6052.
Package hyperref Info: PDF/A mode OFF on input line 6057.
LaTeX Info: Redefining \ref on input line 6097.
LaTeX Info: Redefining \pageref on input line 6101.
 (/usr/local/texlive/2022/texmf-dist/tex/latex/base/atbegshi-ltx.sty
Package: atbegshi-ltx 2021/01/10 v1.0c Emulation of the original atbegshi
package with kernel methods
)
\Hy@abspage=\count195
\c@Item=\count196
\c@Hfootnote=\count197
)
Package hyperref Info: Driver (autodetected): hxetex.
 (/usr/local/texlive/2022/texmf-dist/tex/latex/hyperref/hxetex.def
File: hxetex.def 2022-02-21 v7.00n Hyperref driver for XeTeX
 (/usr/local/texlive/2022/texmf-dist/tex/generic/stringenc/stringenc.sty
Package: stringenc 2019/11/29 v1.12 Convert strings between diff. encodings (HO)
)
\pdfm@box=\box50
\c@Hy@AnnotLevel=\count198
\HyField@AnnotCount=\count199
\Fld@listcount=\count266
\c@bookmark@seq@number=\count267
 (/usr/local/texlive/2022/texmf-dist/tex/latex/rerunfilecheck/rerunfilecheck.sty
Package: rerunfilecheck 2019/12/05 v1.9 Rerun checks for auxiliary files (HO)
 (/usr/local/texlive/2022/texmf-dist/tex/latex/base/atveryend-ltx.sty
Package: atveryend-ltx 2020/08/19 v1.0a Emulation of the original atveryend package
with kernel methods
) (/usr/local/texlive/2022/texmf-dist/tex/generic/uniquecounter/uniquecounter.sty
Package: uniquecounter 2019/12/15 v1.4 Provide unlimited unique counter (HO)
)
Package uniquecounter Info: New unique counter `rerunfilecheck' on input line 286.
)
\Hy@SectionHShift=\skip49
) (/usr/local/texlive/2022/texmf-dist/tex/latex/tools/verbatim.sty
Package: verbatim 2020-07-07 v1.5u LaTeX2e package for verbatim enhancements
\every@verbatim=\toks17
\verbatim@line=\toks18
\verbatim@in@stream=\read2
) (/usr/local/texlive/2022/texmf-dist/tex/latex/graphics/color.sty
Package: color 2021/12/07 v1.3c Standard LaTeX Color (DPC)
 (/usr/local/texlive/2022/texmf-dist/tex/latex/graphics-cfg/color.cfg
File: color.cfg 2016/01/02 v1.6 sample color configuration
)
Package color Info: Driver file: xetex.def on input line 149.
 (/usr/local/texlive/2022/texmf-dist/tex/latex/graphics-def/xetex.def
File: xetex.def 2021/03/18 v5.0k Graphics/color driver for xetex
)) (/usr/local/texlive/2022/texmf-dist/tex/latex/xcolor/xcolor.sty
Package: xcolor 2021/10/31 v2.13 LaTeX color extensions (UK)
 (/usr/local/texlive/2022/texmf-dist/tex/latex/graphics-cfg/color.cfg
File: color.cfg 2016/01/02 v1.6 sample color configuration
)
Package xcolor Info: Driver file: xetex.def on input line 227.
LaTeX Info: Redefining \color on input line 711.
Package xcolor Info: Model `cmy' substituted by `cmy0' on input line 1352.
Package xcolor Info: Model `RGB' extended on input line 1368.
Package xcolor Info: Model `HTML' substituted by `rgb' on input line 1370.
Package xcolor Info: Model `Hsb' substituted by `hsb' on input line 1371.
Package xcolor Info: Model `tHsb' substituted by `hsb' on input line 1372.
Package xcolor Info: Model `HSB' substituted by `hsb' on input line 1373.
Package xcolor Info: Model `Gray' substituted by `gray' on input line 1374.
Package xcolor Info: Model `wave' substituted by `hsb' on input line 1375.
 (/usr/local/texlive/2022/texmf-dist/tex/latex/graphics/dvipsnam.def
File: dvipsnam.def 2016/06/17 v3.0m Driver-dependent file (DPC,SPQR)
)) (/usr/local/texlive/2022/texmf-dist/tex/latex/graphics/graphicx.sty
Package: graphicx 2021/09/16 v1.2d Enhanced LaTeX Graphics (DPC,SPQR)
 (/usr/local/texlive/2022/texmf-dist/tex/latex/graphics/graphics.sty
Package: graphics 2021/03/04 v1.4d Standard LaTeX Graphics (DPC,SPQR)
 (/usr/local/texlive/2022/texmf-dist/tex/latex/graphics/trig.sty
Package: trig 2021/08/11 v1.11 sin cos tan (DPC)
) (/usr/local/texlive/2022/texmf-dist/tex/latex/graphics-cfg/graphics.cfg
File: graphics.cfg 2016/06/04 v1.11 sample graphics configuration
)
Package graphics Info: Driver file: xetex.def on input line 107.
)
\Gin@req@height=\dimen143
\Gin@req@width=\dimen144
) (/usr/local/texlive/2022/texmf-dist/tex/latex/tools/indentfirst.sty
Package: indentfirst 1995/11/23 v1.03 Indent first paragraph (DPC)
) (/usr/local/texlive/2022/texmf-dist/tex/latex/enumitem/enumitem.sty
Package: enumitem 2019/06/20 v3.9 Customized lists
\labelindent=\skip50
\enit@outerparindent=\dimen145
\enit@toks=\toks19
\enit@inbox=\box51
\enit@count@id=\count268
\enitdp@description=\count269
) (/usr/local/texlive/2022/texmf-dist/tex/latex/mfirstuc/mfirstuc.sty
Package: mfirstuc 2021/10/15 v2.07 (NLCT)
 (/usr/local/texlive/2022/texmf-dist/tex/latex/etoolbox/etoolbox.sty
Package: etoolbox 2020/10/05 v2.5k e-TeX tools for LaTeX (JAW)
\etb@tempcnta=\count270
)
\@glsmfirst=\toks20
\@glsmrest=\toks21
) (/usr/local/texlive/2022/texmf-dist/tex/latex/fancyvrb/fancyvrb.sty
Package: fancyvrb 2021/12/21 4.1b verbatim text (tvz,hv)
\FV@CodeLineNo=\count271
\FV@InFile=\read3
\FV@TabBox=\box52
\c@FancyVerbLine=\count272
\FV@StepNumber=\count273
\FV@OutFile=\write3
) (/usr/local/texlive/2022/texmf-dist/tex/latex/amsfonts/amsfonts.sty
Package: amsfonts 2013/01/14 v3.01 Basic AMSFonts support
\@emptytoks=\toks22
\symAMSa=\mathgroup4
\symAMSb=\mathgroup5
LaTeX Font Info:    Redeclaring math symbol \hbar on input line 98.
LaTeX Font Info:    Overwriting math alphabet `\mathfrak' in version `bold'
(Font)                  U/euf/m/n --> U/euf/b/n on input line 106.
) (/usr/local/texlive/2022/texmf-dist/tex/latex/ifmtarg/ifmtarg.sty
Package: ifmtarg 2018/04/16 v1.2b check for an empty argument
) (/usr/local/texlive/2022/texmf-dist/tex/latex/amsmath/amsmath.sty
Package: amsmath 2021/10/15 v2.17l AMS math features
\@mathmargin=\skip51

For additional information on amsmath, use the `?' option.
(/usr/local/texlive/2022/texmf-dist/tex/latex/amsmath/amstext.sty
Package: amstext 2021/08/26 v2.01 AMS text
 (/usr/local/texlive/2022/texmf-dist/tex/latex/amsmath/amsgen.sty
File: amsgen.sty 1999/11/30 v2.0 generic functions
\@emptytoks=\toks23
\ex@=\dimen146
)) (/usr/local/texlive/2022/texmf-dist/tex/latex/amsmath/amsbsy.sty
Package: amsbsy 1999/11/29 v1.2d Bold Symbols
\pmbraise@=\dimen147
) (/usr/local/texlive/2022/texmf-dist/tex/latex/amsmath/amsopn.sty
Package: amsopn 2021/08/26 v2.02 operator names
)
\inf@bad=\count274
LaTeX Info: Redefining \frac on input line 234.
\uproot@=\count275
\leftroot@=\count276
LaTeX Info: Redefining \overline on input line 399.
\classnum@=\count277
\DOTSCASE@=\count278
LaTeX Info: Redefining \ldots on input line 496.
LaTeX Info: Redefining \dots on input line 499.
LaTeX Info: Redefining \cdots on input line 620.
\Mathstrutbox@=\box53
\strutbox@=\box54
\big@size=\dimen148
LaTeX Font Info:    Redeclaring font encoding OML on input line 743.
LaTeX Font Info:    Redeclaring font encoding OMS on input line 744.
\macc@depth=\count279
\c@MaxMatrixCols=\count280
\dotsspace@=\muskip17
\c@parentequation=\count281
\dspbrk@lvl=\count282
\tag@help=\toks24
\row@=\count283
\column@=\count284
\maxfields@=\count285
\andhelp@=\toks25
\eqnshift@=\dimen149
\alignsep@=\dimen150
\tagshift@=\dimen151
\tagwidth@=\dimen152
\totwidth@=\dimen153
\lineht@=\dimen154
\@envbody=\toks26
\multlinegap=\skip52
\multlinetaggap=\skip53
\mathdisplay@stack=\toks27
LaTeX Info: Redefining \[ on input line 2938.
LaTeX Info: Redefining \] on input line 2939.
) (/usr/local/texlive/2022/texmf-dist/tex/latex/amsfonts/amssymb.sty
Package: amssymb 2013/01/14 v3.01 AMS font symbols
) (/usr/local/texlive/2022/texmf-dist/tex/latex/amsfonts/euscript.sty
Package: euscript 2009/06/22 v3.00 Euler Script fonts
LaTeX Font Info:    Overwriting math alphabet `\EuScript' in version `bold'
(Font)                  U/eus/m/n --> U/eus/b/n on input line 33.
) (/usr/local/texlive/2022/texmf-dist/tex/latex/tocbibind/tocbibind.sty
Package: tocbibind 2010/10/13 v1.5k extra ToC listings
Package tocbibind Info: The document has chapter divisions on input line 50.


Package tocbibind Note: Using chapter style headings, unless overridden.

) (/usr/local/texlive/2022/texmf-dist/tex/latex/graphics/rotating.sty
Package: rotating 2016/08/11 v2.16d rotated objects in LaTeX
 (/usr/local/texlive/2022/texmf-dist/tex/latex/base/ifthen.sty
Package: ifthen 2020/11/24 v1.1c Standard LaTeX ifthen package (DPC)
)
\c@r@tfl@t=\count286
\rotFPtop=\skip54
\rotFPbot=\skip55
\rot@float@box=\box55
\rot@mess@toks=\toks28
) (/usr/local/texlive/2022/texmf-dist/tex/latex/wallpaper/wallpaper.sty
Package: wallpaper 2005/01/18, v1.01 easy wallpaper formatting (MHFW)
 (/usr/local/texlive/2022/texmf-dist/tex/latex/tools/calc.sty
Package: calc 2017/05/25 v4.3 Infix arithmetic (KKT,FJ)
\calc@Acount=\count287
\calc@Bcount=\count288
\calc@Adimen=\dimen155
\calc@Bdimen=\dimen156
\calc@Askip=\skip56
\calc@Bskip=\skip57
LaTeX Info: Redefining \setlength on input line 80.
LaTeX Info: Redefining \addtolength on input line 81.
\calc@Ccount=\count289
\calc@Cskip=\skip58
) (/usr/local/texlive/2022/texmf-dist/tex/latex/eso-pic/eso-pic.sty
Package: eso-pic 2020/10/14 v3.0a eso-pic (RN)
\ESO@tempdima=\dimen157
\ESO@tempdimb=\dimen158
)
\wpXoffset=\skip59
\wpYoffset=\skip60
\tileXoffset=\skip61
\tileYoffset=\skip62
\tilewidth=\skip63
\tileheight=\skip64
\tileX=\skip65
\tileY=\skip66
) (/usr/local/texlive/2022/texmf-dist/tex/latex/pdfpages/pdfpages.sty
Package: pdfpages 2022/01/29 v0.5u Insert pages of external PDF documents (AM)
\AM@pagewidth=\dimen159
\AM@pageheight=\dimen160
\AM@fboxrule=\dimen161
 (/usr/local/texlive/2022/texmf-dist/tex/latex/pdfpages/ppxetex.def
File: ppxetex.def 2022/01/29 v0.5u Pdfpages driver for XeTeX (AM)
)
\pdfpages@includegraphics@status=\count290
\AM@pagebox=\box56
\AM@global@opts=\toks29
\AM@pagecnt=\count291
\AM@toc@title=\toks30
\c@AM@survey=\count292
\AM@templatesizebox=\box57
) (/usr/local/texlive/2022/texmf-dist/tex/latex/pst-fractal/pst-fractal.sty (/usr/local/texlive/2022/texmf-dist/tex/latex/pstricks/pstricks.sty
Package: pstricks 2021/08/23 v0.71 LaTeX wrapper for `PSTricks' (RN,HV)
 (/usr/local/texlive/2022/texmf-dist/tex/generic/xkeyval/pst-xkey.tex
File: pst-xkey.tex 2005/11/25 v1.6 PSTricks specialization of xkeyval (HA)
 (/usr/local/texlive/2022/texmf-dist/tex/latex/xkeyval/xkeyval.sty
Package: xkeyval 2020/11/20 v2.8 package option processing (HA)
 (/usr/local/texlive/2022/texmf-dist/tex/generic/xkeyval/xkeyval.tex (/usr/local/texlive/2022/texmf-dist/tex/generic/xkeyval/xkvutils.tex
\XKV@toks=\toks31
\XKV@tempa@toks=\toks32
)
\XKV@depth=\count293
File: xkeyval.tex 2014/12/03 v2.7a key=value parser (HA)
))) (/usr/local/texlive/2022/texmf-dist/tex/generic/pstricks/pstricks.tex (/usr/local/texlive/2022/texmf-dist/tex/generic/pstricks/pst-fp.tex `pst-fp' v0.06, 2020/11/20 (hv)
\pstFP@xs=\count294
\pstFP@xia=\count295
\pstFP@xib=\count296
\pstFP@xfa=\count297
\pstFP@xfb=\count298
\pstFP@rega=\count299
\pstFP@regb=\count300
\pstFP@regs=\count301
\pstFP@times=\count302
) (/usr/local/texlive/2022/texmf-dist/tex/generic/pgf/utilities/pgfutil-common.tex
\pgfutil@everybye=\toks33
\pgfutil@tempdima=\dimen162
\pgfutil@tempdimb=\dimen163
 (/usr/local/texlive/2022/texmf-dist/tex/generic/pgf/utilities/pgfutil-common-lists.tex)) (/usr/local/texlive/2022/texmf-dist/tex/generic/pgf/utilities/pgfkeys.code.tex
\pgfkeys@pathtoks=\toks34
\pgfkeys@temptoks=\toks35
 (/usr/local/texlive/2022/texmf-dist/tex/generic/pgf/utilities/pgfkeysfiltered.code.tex
\pgfkeys@tmptoks=\toks36
)) (/usr/local/texlive/2022/texmf-dist/tex/generic/pgf/utilities/pgffor.code.tex
Loading pgffor.code.tex
(/usr/local/texlive/2022/texmf-dist/tex/generic/pgf/math/pgfmath.code.tex (/usr/local/texlive/2022/texmf-dist/tex/generic/pgf/math/pgfmathcalc.code.tex (/usr/local/texlive/2022/texmf-dist/tex/generic/pgf/math/pgfmathutil.code.tex
\pgf@x=\dimen164
\pgf@xa=\dimen165
\pgf@xb=\dimen166
\pgf@xc=\dimen167
\pgf@y=\dimen168
\pgf@ya=\dimen169
\pgf@yb=\dimen170
\pgf@yc=\dimen171
\c@pgf@counta=\count303
\c@pgf@countb=\count304
\c@pgf@countc=\count305
\c@pgf@countd=\count306
\pgfutil@tempcnta=\count307
\pgfutil@tempcntb=\count308
) (/usr/local/texlive/2022/texmf-dist/tex/generic/pgf/math/pgfmathparser.code.tex
\pgfmath@dimen=\dimen172
\pgfmath@count=\count309
\pgfmath@box=\box58
\pgfmath@toks=\toks37
\pgfmath@stack@operand=\toks38
\pgfmath@stack@operation=\toks39
) (/usr/local/texlive/2022/texmf-dist/tex/generic/pgf/math/pgfmathfunctions.code.tex (/usr/local/texlive/2022/texmf-dist/tex/generic/pgf/math/pgfmathfunctions.basic.code.tex) (/usr/local/texlive/2022/texmf-dist/tex/generic/pgf/math/pgfmathfunctions.trigonometric.code.tex) (/usr/local/texlive/2022/texmf-dist/tex/generic/pgf/math/pgfmathfunctions.random.code.tex) (/usr/local/texlive/2022/texmf-dist/tex/generic/pgf/math/pgfmathfunctions.comparison.code.tex) (/usr/local/texlive/2022/texmf-dist/tex/generic/pgf/math/pgfmathfunctions.base.code.tex) (/usr/local/texlive/2022/texmf-dist/tex/generic/pgf/math/pgfmathfunctions.round.code.tex) (/usr/local/texlive/2022/texmf-dist/tex/generic/pgf/math/pgfmathfunctions.misc.code.tex) (/usr/local/texlive/2022/texmf-dist/tex/generic/pgf/math/pgfmathfunctions.integerarithmetics.code.tex))) (/usr/local/texlive/2022/texmf-dist/tex/generic/pgf/math/pgfmathfloat.code.tex
\c@pgfmathroundto@lastzeros=\count310
))
\pgffor@iter=\dimen173
\pgffor@skip=\dimen174
\pgffor@stack=\toks40
\pgffor@toks=\toks41
)
\psLoopIndex=\count311

`PSTricks' v3.13  <2022/01/09> (tvz,hv)
\pst@dima=\dimen175
\pst@dimb=\dimen176
\pst@dimc=\dimen177
\pst@dimd=\dimen178
\pst@dimg=\dimen179
\pst@dimh=\dimen180
\pst@dimm=\dimen181
\pst@dimn=\dimen182
\pst@dimo=\dimen183
\pst@dimp=\dimen184
\pst@hbox=\box59
\pst@ibox=\box60
\pst@boxg=\box61
\pst@cnta=\count312
\pst@cntb=\count313
\pst@cntc=\count314
\pst@cntd=\count315
\pst@cntg=\count316
\pst@cnth=\count317
\pst@cntm=\count318
\pst@cntn=\count319
\pst@cnto=\count320
\pst@cntp=\count321
\@zero=\count322
\pst@toks=\toks42
--- We are running latex or xelatex ---
(/usr/local/texlive/2022/texmf-dist/tex/xelatex/xetex-pstricks/pstricks.con (/usr/local/texlive/2022/texmf-dist/tex/generic/pstricks/config/xdvipdfmx.cfg)) (/usr/local/texlive/2022/texmf-dist/tex/generic/pstricks/pstricks-color.tex)
\psunit=\dimen185
\psxunit=\dimen186
\psyunit=\dimen187
\pst@C@@rType=\count323
\pslinewidth=\dimen188
\psk@startLW=\dimen189
\psk@endLW=\dimen190
 (/usr/local/texlive/2022/texmf-dist/tex/generic/pstricks/pstricks-arrows.tex
\pshooklength=\dimen191
\pshookwidth=\dimen192
)
\pst@customdefs=\toks43
 (/usr/local/texlive/2022/texmf-dist/tex/generic/pstricks/pstricks-dots.tex)
\pslinearc=\dimen193
\pst@symbolStep=\dimen194
\pst@symbolWidth=\dimen195
\pst@symbolLinewidth=\dimen196
\everypsbox=\toks44
\psframesep=\dimen197
\pslabelsep=\dimen198
\sh@wgridXunit=\dimen199
\sh@wgridYunit=\dimen256
\pst@shift=\dimen257
\ps@imagectr=\count324
 (/usr/local/texlive/2022/texmf-dist/tex/xelatex/xetex-pstricks/pstricks.con (/usr/local/texlive/2022/texmf-dist/tex/generic/pstricks/config/xdvipdfmx.cfg
Using PSTricks configuration for LaTeX+dvipdfmx
)))
File: pstricks.tex 2022/01/09 v3.13 `PSTricks' (tvz,hv)
 (/usr/local/texlive/2022/texmf-dist/tex/generic/pstricks/pst-fp.tex `pst-fp' v0.06, 2020/11/20 (hv))
File: pst-fp.tex 2020/11/20 v0.06 `PST-fp' (hv)

>>> Loading XeTeX special macros
(/usr/local/texlive/2022/texmf-dist/tex/generic/pstricks/pstricks-xetex.def))
Package: pst-fractal 2007/09/25 package wrapper for pst-fractal.tex (hv)
 (/usr/local/texlive/2022/texmf-dist/tex/generic/pst-fractal/pst-fractal.tex (/usr/local/texlive/2022/texmf-dist/tex/generic/pstricks-add/pstricks-add.tex (/usr/local/texlive/2022/texmf-dist/tex/generic/pst-plot/pst-plot.tex (/usr/local/texlive/2022/texmf-dist/tex/generic/pst-tools/pst-tools.tex `PST-tools' v0.12, 2021/09/23 (hv)
\randomi=\count325
\ranval=\count326
) (/usr/local/texlive/2022/texmf-dist/tex/generic/pstricks-add/pstricks-add.tex) (/usr/local/texlive/2022/texmf-dist/tex/generic/multido/multido.tex  v1.42, 2010/05/14 <tvz>
\multido@count=\count327
\multidocount=\count328
\multido@stuff=\toks45
)  v1.93, 2021/09/23 (tvz,hv)
\pstRadUnit=\dimen258
\pstRadUnitInv=\dimen259
\pst@linecnt=\count329
\RCD@file=\read4
\psxlabelsep=\dimen260
\psylabelsep=\dimen261
\psk@subticksize=\dimen262
\pst@xticksizeA=\dimen263
\pst@xticksizeB=\dimen264
\pst@xticksizeC=\dimen265
\pst@yticksizeA=\dimen266
\pst@yticksizeB=\dimen267
\pst@yticksizeC=\dimen268
\@digitcounter=\count330
\psk@llx=\dimen269
\psk@lly=\dimen270
\psk@urx=\dimen271
\psk@ury=\dimen272
\pst@xunit=\dimen273
\pst@yunit=\dimen274
) (/usr/local/texlive/2022/texmf-dist/tex/generic/pst-node/pst-node.tex  v1.43, 2022/01/31
\psrow=\count331
\pscol=\count332
\psmatrixcnt=\count333
\psrowsep=\skip67
\pscolsep=\skip68
\pst@args=\count334
\num@pts=\count335
\pst@argcnt=\count336
) (/usr/local/texlive/2022/texmf-dist/tex/generic/pst-arrow/pst-arrow.tex `pst-arrow' v0.05, 2021/11/16 (dr,hv)) (/usr/local/texlive/2022/texmf-dist/tex/generic/pst-3d/pst-3d.tex `PST-3d' v1.11, 2010/02/14 (tvz)) (/usr/local/texlive/2022/texmf-dist/tex/generic/pst-math/pst-math.tex `pst-math' v0.64 , (CJ,hv)) `pstricks-add' v3.92, 2021/12/25 (dr,hv)
\psparallelogramsep=\dimen275
\pst@cntC=\count337
\pst@stepcount=\count338
\chart@ColorIndex=\dimen276
\chart@ColorStep=\dimen277
\pst@chartHeight=\dimen278
\pst@chartStackDepth=\dimen279
\pst@chartStackWidth=\dimen280
\chart@Toggle=\count339
\psVectorCtr=\count340
) `PST-fractal' v0.11a, 2020/03/16 (hv)
\pst@fractal@xWidth=\dimen281
\pst@fractal@yWidth=\dimen282
\pst@fractal@minWidth=\dimen283
\pst@fractal@Radius=\dimen284
Invalid UTF-8 byte or sequence at line 175 replaced by U+FFFD.
Invalid UTF-8 byte or sequence at line 175 replaced by U+FFFD.
Invalid UTF-8 byte or sequence at line 229 replaced by U+FFFD.
Invalid UTF-8 byte or sequence at line 229 replaced by U+FFFD.
Invalid UTF-8 byte or sequence at line 230 replaced by U+FFFD.
Invalid UTF-8 byte or sequence at line 230 replaced by U+FFFD.
Invalid UTF-8 byte or sequence at line 280 replaced by U+FFFD.
Invalid UTF-8 byte or sequence at line 280 replaced by U+FFFD.
Invalid UTF-8 byte or sequence at line 308 replaced by U+FFFD.
Invalid UTF-8 byte or sequence at line 308 replaced by U+FFFD.
Invalid UTF-8 byte or sequence at line 690 replaced by U+FFFD.
)
File: pst-fractal.tex 2020/03/16 v0.11a `PST-fractal' (hv)
) (/usr/local/texlive/2022/texmf-dist/tex/latex/pst-exa/pst-exa.sty
Package: pst-exa 2017/09/11 v0.06 
 (/usr/local/texlive/2022/texmf-dist/tex/latex/showexpl/showexpl.sty
Package: showexpl 2021/01/06 v0.3s Typesetting example code (RN)
 (/usr/local/texlive/2022/texmf-dist/tex/latex/refcount/refcount.sty
Package: refcount 2019/12/15 v3.6 Data extraction from label references (HO)
) (/usr/local/texlive/2022/texmf-dist/tex/latex/listings/listings.sty
\lst@mode=\count341
\lst@gtempboxa=\box62
\lst@token=\toks46
\lst@length=\count342
\lst@currlwidth=\dimen285
\lst@column=\count343
\lst@pos=\count344
\lst@lostspace=\dimen286
\lst@width=\dimen287
\lst@newlines=\count345
\lst@lineno=\count346
\lst@maxwidth=\dimen288
 (/usr/local/texlive/2022/texmf-dist/tex/latex/listings/lstmisc.sty
File: lstmisc.sty 2020/03/24 1.8d (Carsten Heinz)
\c@lstnumber=\count347
\lst@skipnumbers=\count348
\lst@framebox=\box63
) (/usr/local/texlive/2022/texmf-dist/tex/latex/listings/listings.cfg
File: listings.cfg 2020/03/24 1.8d listings configuration
))
Package: listings 2020/03/24 1.8d (Carsten Heinz)
 (/usr/local/texlive/2022/texmf-dist/tex/latex/varwidth/varwidth.sty
Package: varwidth 2009/03/30 ver 0.92;  Variable-width minipages
\@vwid@box=\box64
\sift@deathcycles=\count349
\@vwid@loff=\dimen289
\@vwid@roff=\dimen290
) (/usr/local/texlive/2022/texmf-dist/tex/latex/float/float.sty
Package: float 2001/11/08 v1.3d Float enhancements (AL)
\c@float@type=\count350
\float@exts=\toks47
\float@box=\box65
\@float@everytoks=\toks48
\@floatcapt=\box66
) (/usr/local/texlive/2022/texmf-dist/tex/latex/listings/lstmisc.sty
File: lstmisc.sty 2020/03/24 1.8d (Carsten Heinz)
\lst@WFtoken=\toks49
\lst@WF=\write4
)
\SX@ResBox=\box67
\ResultBoxSep=\dimen291
\ResultBoxRule=\dimen292
\c@ltxexample=\count351
) (/usr/local/texlive/2022/texmf-dist/tex/latex/accsupp/accsupp.sty
Package: accsupp 2019/12/05 v0.6 Accessibility support by marked content (HO)
 (/usr/local/texlive/2022/texmf-dist/tex/latex/accsupp/accsupp-dvipdfm.def
File: accsupp-dvipdfm.def 2019/12/05 v0.6 accsupp driver for dvipdfm (HO)
)) (/usr/local/texlive/2022/texmf-dist/tex/latex/changepage/changepage.sty
Package: changepage 2009/10/20 v1.0c check page and change page layout
\c@cp@cntr=\count352
\cp@tempcnt=\count353
) (/usr/local/texlive/2022/texmf-dist/tex/latex/tcolorbox/tcolorbox.sty
Package: tcolorbox 2022/01/07 version 5.0.2 text color boxes
 (/usr/local/texlive/2022/texmf-dist/tex/latex/pgf/basiclayer/pgf.sty (/usr/local/texlive/2022/texmf-dist/tex/latex/pgf/utilities/pgfrcs.sty (/usr/local/texlive/2022/texmf-dist/tex/generic/pgf/utilities/pgfutil-common.tex
\pgfutil@everybye=\toks50
\pgfutil@tempdima=\dimen293
\pgfutil@tempdimb=\dimen294
 (/usr/local/texlive/2022/texmf-dist/tex/generic/pgf/utilities/pgfutil-common-lists.tex)) (/usr/local/texlive/2022/texmf-dist/tex/generic/pgf/utilities/pgfutil-latex.def
\pgfutil@abb=\box68
) (/usr/local/texlive/2022/texmf-dist/tex/generic/pgf/utilities/pgfrcs.code.tex (/usr/local/texlive/2022/texmf-dist/tex/generic/pgf/pgf.revision.tex)
Package: pgfrcs 2021/05/15 v3.1.9a (3.1.9a)
))
Package: pgf 2021/05/15 v3.1.9a (3.1.9a)
 (/usr/local/texlive/2022/texmf-dist/tex/latex/pgf/basiclayer/pgfcore.sty (/usr/local/texlive/2022/texmf-dist/tex/latex/pgf/systemlayer/pgfsys.sty (/usr/local/texlive/2022/texmf-dist/tex/generic/pgf/systemlayer/pgfsys.code.tex
Package: pgfsys 2021/05/15 v3.1.9a (3.1.9a)
 (/usr/local/texlive/2022/texmf-dist/tex/generic/pgf/utilities/pgfkeys.code.tex)
\pgf@x=\dimen295
\pgf@y=\dimen296
\pgf@xa=\dimen297
\pgf@ya=\dimen298
\pgf@xb=\dimen299
\pgf@yb=\dimen300
\pgf@xc=\dimen301
\pgf@yc=\dimen302
\pgf@xd=\dimen303
\pgf@yd=\dimen304
\w@pgf@writea=\write5
\r@pgf@reada=\read5
\c@pgf@counta=\count354
\c@pgf@countb=\count355
\c@pgf@countc=\count356
\c@pgf@countd=\count357
\t@pgf@toka=\toks51
\t@pgf@tokb=\toks52
\t@pgf@tokc=\toks53
\pgf@sys@id@count=\count358
 (/usr/local/texlive/2022/texmf-dist/tex/generic/pgf/systemlayer/pgf.cfg
File: pgf.cfg 2021/05/15 v3.1.9a (3.1.9a)
)
Driver file for pgf: pgfsys-xetex.def
 (/usr/local/texlive/2022/texmf-dist/tex/generic/pgf/systemlayer/pgfsys-xetex.def
File: pgfsys-xetex.def 2021/05/15 v3.1.9a (3.1.9a)
 (/usr/local/texlive/2022/texmf-dist/tex/generic/pgf/systemlayer/pgfsys-dvipdfmx.def
File: pgfsys-dvipdfmx.def 2021/05/15 v3.1.9a (3.1.9a)
 (/usr/local/texlive/2022/texmf-dist/tex/generic/pgf/systemlayer/pgfsys-common-pdf.def
File: pgfsys-common-pdf.def 2021/05/15 v3.1.9a (3.1.9a)
)
\pgfsys@objnum=\count359
))) (/usr/local/texlive/2022/texmf-dist/tex/generic/pgf/systemlayer/pgfsyssoftpath.code.tex
File: pgfsyssoftpath.code.tex 2021/05/15 v3.1.9a (3.1.9a)
\pgfsyssoftpath@smallbuffer@items=\count360
\pgfsyssoftpath@bigbuffer@items=\count361
) (/usr/local/texlive/2022/texmf-dist/tex/generic/pgf/systemlayer/pgfsysprotocol.code.tex
File: pgfsysprotocol.code.tex 2021/05/15 v3.1.9a (3.1.9a)
)) (/usr/local/texlive/2022/texmf-dist/tex/generic/pgf/basiclayer/pgfcore.code.tex
Package: pgfcore 2021/05/15 v3.1.9a (3.1.9a)
 (/usr/local/texlive/2022/texmf-dist/tex/generic/pgf/math/pgfmath.code.tex) (/usr/local/texlive/2022/texmf-dist/tex/generic/pgf/math/pgfint.code.tex) (/usr/local/texlive/2022/texmf-dist/tex/generic/pgf/basiclayer/pgfcorepoints.code.tex
File: pgfcorepoints.code.tex 2021/05/15 v3.1.9a (3.1.9a)
\pgf@picminx=\dimen305
\pgf@picmaxx=\dimen306
\pgf@picminy=\dimen307
\pgf@picmaxy=\dimen308
\pgf@pathminx=\dimen309
\pgf@pathmaxx=\dimen310
\pgf@pathminy=\dimen311
\pgf@pathmaxy=\dimen312
\pgf@xx=\dimen313
\pgf@xy=\dimen314
\pgf@yx=\dimen315
\pgf@yy=\dimen316
\pgf@zx=\dimen317
\pgf@zy=\dimen318
) (/usr/local/texlive/2022/texmf-dist/tex/generic/pgf/basiclayer/pgfcorepathconstruct.code.tex
File: pgfcorepathconstruct.code.tex 2021/05/15 v3.1.9a (3.1.9a)
\pgf@path@lastx=\dimen319
\pgf@path@lasty=\dimen320
) (/usr/local/texlive/2022/texmf-dist/tex/generic/pgf/basiclayer/pgfcorepathusage.code.tex
File: pgfcorepathusage.code.tex 2021/05/15 v3.1.9a (3.1.9a)
\pgf@shorten@end@additional=\dimen321
\pgf@shorten@start@additional=\dimen322
) (/usr/local/texlive/2022/texmf-dist/tex/generic/pgf/basiclayer/pgfcorescopes.code.tex
File: pgfcorescopes.code.tex 2021/05/15 v3.1.9a (3.1.9a)
\pgfpic=\box69
\pgf@hbox=\box70
\pgf@layerbox@main=\box71
\pgf@picture@serial@count=\count362
) (/usr/local/texlive/2022/texmf-dist/tex/generic/pgf/basiclayer/pgfcoregraphicstate.code.tex
File: pgfcoregraphicstate.code.tex 2021/05/15 v3.1.9a (3.1.9a)
\pgflinewidth=\dimen323
) (/usr/local/texlive/2022/texmf-dist/tex/generic/pgf/basiclayer/pgfcoretransformations.code.tex
File: pgfcoretransformations.code.tex 2021/05/15 v3.1.9a (3.1.9a)
\pgf@pt@x=\dimen324
\pgf@pt@y=\dimen325
\pgf@pt@temp=\dimen326
) (/usr/local/texlive/2022/texmf-dist/tex/generic/pgf/basiclayer/pgfcorequick.code.tex
File: pgfcorequick.code.tex 2021/05/15 v3.1.9a (3.1.9a)
) (/usr/local/texlive/2022/texmf-dist/tex/generic/pgf/basiclayer/pgfcoreobjects.code.tex
File: pgfcoreobjects.code.tex 2021/05/15 v3.1.9a (3.1.9a)
) (/usr/local/texlive/2022/texmf-dist/tex/generic/pgf/basiclayer/pgfcorepathprocessing.code.tex
File: pgfcorepathprocessing.code.tex 2021/05/15 v3.1.9a (3.1.9a)
) (/usr/local/texlive/2022/texmf-dist/tex/generic/pgf/basiclayer/pgfcorearrows.code.tex
File: pgfcorearrows.code.tex 2021/05/15 v3.1.9a (3.1.9a)
\pgfarrowsep=\dimen327
) (/usr/local/texlive/2022/texmf-dist/tex/generic/pgf/basiclayer/pgfcoreshade.code.tex
File: pgfcoreshade.code.tex 2021/05/15 v3.1.9a (3.1.9a)
\pgf@max=\dimen328
\pgf@sys@shading@range@num=\count363
\pgf@shadingcount=\count364
) (/usr/local/texlive/2022/texmf-dist/tex/generic/pgf/basiclayer/pgfcoreimage.code.tex
File: pgfcoreimage.code.tex 2021/05/15 v3.1.9a (3.1.9a)
 (/usr/local/texlive/2022/texmf-dist/tex/generic/pgf/basiclayer/pgfcoreexternal.code.tex
File: pgfcoreexternal.code.tex 2021/05/15 v3.1.9a (3.1.9a)
\pgfexternal@startupbox=\box72
)) (/usr/local/texlive/2022/texmf-dist/tex/generic/pgf/basiclayer/pgfcorelayers.code.tex
File: pgfcorelayers.code.tex 2021/05/15 v3.1.9a (3.1.9a)
) (/usr/local/texlive/2022/texmf-dist/tex/generic/pgf/basiclayer/pgfcoretransparency.code.tex
File: pgfcoretransparency.code.tex 2021/05/15 v3.1.9a (3.1.9a)
) (/usr/local/texlive/2022/texmf-dist/tex/generic/pgf/basiclayer/pgfcorepatterns.code.tex
File: pgfcorepatterns.code.tex 2021/05/15 v3.1.9a (3.1.9a)
) (/usr/local/texlive/2022/texmf-dist/tex/generic/pgf/basiclayer/pgfcorerdf.code.tex
File: pgfcorerdf.code.tex 2021/05/15 v3.1.9a (3.1.9a)
))) (/usr/local/texlive/2022/texmf-dist/tex/generic/pgf/modules/pgfmoduleshapes.code.tex
File: pgfmoduleshapes.code.tex 2021/05/15 v3.1.9a (3.1.9a)
\pgfnodeparttextbox=\box73
) (/usr/local/texlive/2022/texmf-dist/tex/generic/pgf/modules/pgfmoduleplot.code.tex
File: pgfmoduleplot.code.tex 2021/05/15 v3.1.9a (3.1.9a)
) (/usr/local/texlive/2022/texmf-dist/tex/latex/pgf/compatibility/pgfcomp-version-0-65.sty
Package: pgfcomp-version-0-65 2021/05/15 v3.1.9a (3.1.9a)
\pgf@nodesepstart=\dimen329
\pgf@nodesepend=\dimen330
) (/usr/local/texlive/2022/texmf-dist/tex/latex/pgf/compatibility/pgfcomp-version-1-18.sty
Package: pgfcomp-version-1-18 2021/05/15 v3.1.9a (3.1.9a)
)) (/usr/local/texlive/2022/texmf-dist/tex/latex/environ/environ.sty
Package: environ 2014/05/04 v0.3 A new way to define environments
 (/usr/local/texlive/2022/texmf-dist/tex/latex/trimspaces/trimspaces.sty
Package: trimspaces 2009/09/17 v1.1 Trim spaces around a token list
))
\tcb@titlebox=\box74
\tcb@upperbox=\box75
\tcb@lowerbox=\box76
\tcb@phantombox=\box77
\c@tcbbreakpart=\count365
\c@tcblayer=\count366
\c@tcolorbox@number=\count367
\tcb@temp=\box78
\tcb@temp=\box79
\tcb@temp=\box80
\tcb@temp=\box81
) (/usr/local/texlive/2022/texmf-dist/tex/latex/tcolorbox/tcblistings.code.tex
Library (tcolorbox): 'tcblistings.code.tex' version '5.0.2'
(/usr/local/texlive/2022/texmf-dist/tex/latex/tcolorbox/tcblistingscore.code.tex
Library (tcolorbox): 'tcblistingscore.code.tex' version '5.0.2'
(/usr/local/texlive/2022/texmf-dist/tex/latex/tcolorbox/tcbprocessing.code.tex
Library (tcolorbox): 'tcbprocessing.code.tex' version '5.0.2'
(/usr/local/texlive/2022/texmf-dist/tex/latex/tools/shellesc.sty
Package: shellesc 2019/11/08 v1.0c unified shell escape interface for LaTeX
Package shellesc Info: Restricted shell escape enabled on input line 77.
))
\c@tcblisting=\count368
)) (/usr/local/texlive/2022/texmf-dist/tex/latex/tcolorbox/tcbbreakable.code.tex
Library (tcolorbox): 'tcbbreakable.code.tex' version '5.0.2'
(/usr/local/texlive/2022/texmf-dist/tex/generic/oberdiek/pdfcol.sty
Package: pdfcol 2019/12/29 v1.6 Handle new color stacks for pdfTeX (HO)
Package pdfcol Info: Interface disabled because of missing PDF mode of pdfTeX.
)
Package pdfcol Info: pdfTeX's color stacks are not available.
\tcb@testbox=\box82
\tcb@totalupperbox=\box83
\tcb@totallowerbox=\box84
) (/usr/local/texlive/2022/texmf-dist/tex/latex/tcolorbox/tcbskins.code.tex
Library (tcolorbox): 'tcbskins.code.tex' version '5.0.2'
(/usr/local/texlive/2022/texmf-dist/tex/latex/pgf/frontendlayer/tikz.sty (/usr/local/texlive/2022/texmf-dist/tex/latex/pgf/utilities/pgffor.sty (/usr/local/texlive/2022/texmf-dist/tex/latex/pgf/utilities/pgfkeys.sty (/usr/local/texlive/2022/texmf-dist/tex/generic/pgf/utilities/pgfkeys.code.tex)) (/usr/local/texlive/2022/texmf-dist/tex/latex/pgf/math/pgfmath.sty (/usr/local/texlive/2022/texmf-dist/tex/generic/pgf/math/pgfmath.code.tex)) (/usr/local/texlive/2022/texmf-dist/tex/generic/pgf/utilities/pgffor.code.tex
Package: pgffor 2021/05/15 v3.1.9a (3.1.9a)
 (/usr/local/texlive/2022/texmf-dist/tex/generic/pgf/math/pgfmath.code.tex)
\pgffor@iter=\dimen331
\pgffor@skip=\dimen332
\pgffor@stack=\toks54
\pgffor@toks=\toks55
)) (/usr/local/texlive/2022/texmf-dist/tex/generic/pgf/frontendlayer/tikz/tikz.code.tex
Package: tikz 2021/05/15 v3.1.9a (3.1.9a)
 (/usr/local/texlive/2022/texmf-dist/tex/generic/pgf/libraries/pgflibraryplothandlers.code.tex
File: pgflibraryplothandlers.code.tex 2021/05/15 v3.1.9a (3.1.9a)
\pgf@plot@mark@count=\count369
\pgfplotmarksize=\dimen333
)
\tikz@lastx=\dimen334
\tikz@lasty=\dimen335
\tikz@lastxsaved=\dimen336
\tikz@lastysaved=\dimen337
\tikz@lastmovetox=\dimen338
\tikz@lastmovetoy=\dimen339
\tikzleveldistance=\dimen340
\tikzsiblingdistance=\dimen341
\tikz@figbox=\box85
\tikz@figbox@bg=\box86
\tikz@tempbox=\box87
\tikz@tempbox@bg=\box88
\tikztreelevel=\count370
\tikznumberofchildren=\count371
\tikznumberofcurrentchild=\count372
\tikz@fig@count=\count373
 (/usr/local/texlive/2022/texmf-dist/tex/generic/pgf/modules/pgfmodulematrix.code.tex
File: pgfmodulematrix.code.tex 2021/05/15 v3.1.9a (3.1.9a)
\pgfmatrixcurrentrow=\count374
\pgfmatrixcurrentcolumn=\count375
\pgf@matrix@numberofcolumns=\count376
)
\tikz@expandcount=\count377
 (/usr/local/texlive/2022/texmf-dist/tex/generic/pgf/frontendlayer/tikz/libraries/tikzlibrarytopaths.code.tex
File: tikzlibrarytopaths.code.tex 2021/05/15 v3.1.9a (3.1.9a)
)))
\tcb@waterbox=\box89
 (/usr/local/texlive/2022/texmf-dist/tex/latex/tcolorbox/tcbskinsjigsaw.code.tex
Library (tcolorbox): 'tcbskinsjigsaw.code.tex' version '5.0.2'
)) (/usr/local/texlive/2022/texmf-dist/tex/latex/tcolorbox/tcbxparse.code.tex
Library (tcolorbox): 'tcbxparse.code.tex' version '5.0.2'
(/usr/local/texlive/2022/texmf-dist/tex/latex/l3packages/xparse/xparse.sty (/usr/local/texlive/2022/texmf-dist/tex/latex/l3kernel/expl3.sty
Package: expl3 2022-02-24 L3 programming layer (loader) 
 (/usr/local/texlive/2022/texmf-dist/tex/latex/l3backend/l3backend-xetex.def
File: l3backend-xetex.def 2022-02-07 L3 backend support: XeTeX
 (|extractbb --version)
\c__kernel_sys_dvipdfmx_version_int=\count378
\l__color_backend_stack_int=\count379
\g__color_backend_stack_int=\count380
\g__graphics_track_int=\count381
\l__pdf_internal_box=\box90
\g__pdf_backend_object_int=\count382
\g__pdf_backend_annotation_int=\count383
\g__pdf_backend_link_int=\count384
))
Package: xparse 2022-01-12 L3 Experimental document command parser
)) (/usr/local/texlive/2022/texmf-dist/tex/latex/listings/lstmisc.sty
File: lstmisc.sty 2020/03/24 1.8d (Carsten Heinz)
)) (/usr/local/texlive/2022/texmf-dist/tex/latex/booktabs/booktabs.sty
Package: booktabs 2020/01/12 v1.61803398 Publication quality tables
\heavyrulewidth=\dimen342
\lightrulewidth=\dimen343
\cmidrulewidth=\dimen344
\belowrulesep=\dimen345
\belowbottomsep=\dimen346
\aboverulesep=\dimen347
\abovetopsep=\dimen348
\cmidrulesep=\dimen349
\cmidrulekern=\dimen350
\defaultaddspace=\dimen351
\@cmidla=\count385
\@cmidlb=\count386
\@aboverulesep=\dimen352
\@belowrulesep=\dimen353
\@thisruleclass=\count387
\@lastruleclass=\count388
\@thisrulewidth=\dimen354
) (/usr/local/texlive/2022/texmf-dist/tex/latex/tools/tabularx.sty
Package: tabularx 2020/01/15 v2.11c `tabularx' package (DPC)
 (/usr/local/texlive/2022/texmf-dist/tex/latex/tools/array.sty
Package: array 2021/10/04 v2.5f Tabular extension package (FMi)
\col@sep=\dimen355
\ar@mcellbox=\box91
\extrarowheight=\dimen356
\NC@list=\toks56
\extratabsurround=\skip69
\backup@length=\skip70
\ar@cellbox=\box92
)
\TX@col@width=\dimen357
\TX@old@table=\dimen358
\TX@old@col=\dimen359
\TX@target=\dimen360
\TX@delta=\dimen361
\TX@cols=\count389
\TX@ftn=\toks57
) (/usr/local/texlive/2022/texmf-dist/tex/latex/amscls/amsthm.sty
Package: amsthm 2020/05/29 v2.20.6
\thm@style=\toks58
\thm@bodyfont=\toks59
\thm@headfont=\toks60
\thm@notefont=\toks61
\thm@headpunct=\toks62
\thm@preskip=\skip71
\thm@postskip=\skip72
\thm@headsep=\skip73
\dth@everypar=\toks63
)
\c@mydef-no-caption=\count390
 (/usr/local/texlive/2022/texmf-dist/tex/latex/numprint/numprint.sty
Package: numprint 2012/08/20 v1.39 Print numbers (HH)
\c@nprt@mantissa@digitsbefore=\count391
\c@nprt@mantissa@digitsafter=\count392
\c@nprt@exponent@digitsbefore=\count393
\c@nprt@exponent@digitsafter=\count394
\nprt@digitwidth=\skip74
\nprt@sepwidth=\skip75
\nprt@decimalwidth=\skip76
\nprt@blockwidth=\skip77
\nprt@digittoks=\toks64
\nprt@pretoks=\toks65
\nprt@posttoks=\toks66
\nprt@thisdigit=\count395
\nprt@curpos=\count396
\nprt@rndpos=\count397
\c@nprt@digitsfirstblock=\count398
\c@nprt@blockcnt=\count399
\c@nprt@cntprint=\count400
 No configuration file `numprint.cfg' found.) (/usr/local/texlive/2022/texmf-dist/tex/latex/multirow/multirow.sty
Package: multirow 2021/03/15 v2.8 Span multiple rows of a table
\multirow@colwidth=\skip78
\multirow@cntb=\count401
\multirow@dima=\skip79
\bigstrutjot=\dimen362
) (./ntu.sty (/usr/local/texlive/2022/texmf-dist/tex/latex/geometry/geometry.sty
Package: geometry 2020/01/02 v5.9 Page Geometry
 (/usr/local/texlive/2022/texmf-dist/tex/generic/iftex/ifvtex.sty
Package: ifvtex 2019/10/25 v1.7 ifvtex legacy package. Use iftex instead.
)
\Gm@cnth=\count402
\Gm@cntv=\count403
\c@Gm@tempcnt=\count404
\Gm@bindingoffset=\dimen363
\Gm@wd@mp=\dimen364
\Gm@odd@mp=\dimen365
\Gm@even@mp=\dimen366
\Gm@layoutwidth=\dimen367
\Gm@layoutheight=\dimen368
\Gm@layouthoffset=\dimen369
\Gm@layoutvoffset=\dimen370
\Gm@dimlist=\toks67
) (/usr/local/texlive/2022/texmf-dist/tex/latex/fontspec/fontspec.sty
Package: fontspec 2022/01/15 v2.8a Font selection for XeLaTeX and LuaLaTeX
 (/usr/local/texlive/2022/texmf-dist/tex/latex/fontspec/fontspec-xetex.sty
Package: fontspec-xetex 2022/01/15 v2.8a Font selection for XeLaTeX and LuaLaTeX
\l__fontspec_script_int=\count405
\l__fontspec_language_int=\count406
\l__fontspec_strnum_int=\count407
\l__fontspec_tmp_int=\count408
\l__fontspec_tmpa_int=\count409
\l__fontspec_tmpb_int=\count410
\l__fontspec_tmpc_int=\count411
\l__fontspec_em_int=\count412
\l__fontspec_emdef_int=\count413
\l__fontspec_strong_int=\count414
\l__fontspec_strongdef_int=\count415
\l__fontspec_tmpa_dim=\dimen371
\l__fontspec_tmpb_dim=\dimen372
\l__fontspec_tmpc_dim=\dimen373
 (/usr/local/texlive/2022/texmf-dist/tex/latex/base/fontenc.sty
Package: fontenc 2021/04/29 v2.0v Standard LaTeX package
) (/usr/local/texlive/2022/texmf-dist/tex/latex/fontspec/fontspec.cfg))) (/usr/local/texlive/2022/texmf-dist/tex/xelatex/xecjk/xeCJK.sty
Package: xeCJK 2021/12/12 v3.8.8 Typesetting CJK scripts with XeLaTeX
 (/usr/local/texlive/2022/texmf-dist/tex/latex/ctex/ctexhook.sty
Package: ctexhook 2021/12/12 v2.5.8 Document and package hooks (CTEX)
) (/usr/local/texlive/2022/texmf-dist/tex/latex/l3packages/l3keys2e/l3keys2e.sty
Package: l3keys2e 2022-01-12 LaTeX2e option processing using LaTeX3 keys
) (/usr/local/texlive/2022/texmf-dist/tex/latex/l3packages/xtemplate/xtemplate.sty
Package: xtemplate 2022-01-12 L3 Experimental prototype document functions
\l__xtemplate_tmp_dim=\dimen374
\l__xtemplate_tmp_int=\count416
\l__xtemplate_tmp_muskip=\muskip18
\l__xtemplate_tmp_skip=\skip80
)
\l__xeCJK_tmp_int=\count417
\l__xeCJK_tmp_box=\box93
\l__xeCJK_tmp_dim=\dimen375
\l__xeCJK_tmp_skip=\skip81
\g__xeCJK_space_factor_int=\count418
\l__xeCJK_begin_int=\count419
\l__xeCJK_end_int=\count420
\c__xeCJK_CJK_class_int=\XeTeXcharclass1
\c__xeCJK_FullLeft_class_int=\XeTeXcharclass2
\c__xeCJK_FullRight_class_int=\XeTeXcharclass3
\c__xeCJK_HalfLeft_class_int=\XeTeXcharclass4
\c__xeCJK_HalfRight_class_int=\XeTeXcharclass5
\c__xeCJK_NormalSpace_class_int=\XeTeXcharclass6
\c__xeCJK_CM_class_int=\XeTeXcharclass7
\c__xeCJK_HangulJamo_class_int=\XeTeXcharclass8
\l__xeCJK_last_skip=\skip82
\g__xeCJK_node_int=\count421
\c__xeCJK_CJK_node_dim=\dimen376
\c__xeCJK_CJK-space_node_dim=\dimen377
\c__xeCJK_default_node_dim=\dimen378
\c__xeCJK_default-space_node_dim=\dimen379
\c__xeCJK_CJK-widow_node_dim=\dimen380
\c__xeCJK_normalspace_node_dim=\dimen381
\l__xeCJK_ccglue_skip=\skip83
\l__xeCJK_ecglue_skip=\skip84
\l__xeCJK_punct_kern_skip=\skip85
\l__xeCJK_last_penalty_int=\count422
\l__xeCJK_last_bound_dim=\dimen382
\l__xeCJK_last_kern_dim=\dimen383
\l__xeCJK_widow_penalty_int=\count423

Package xtemplate Info: Declaring object type 'xeCJK/punctuation' taking 0
(xtemplate)             argument(s) on line 2337.

\l__xeCJK_fixed_punct_width_dim=\dimen384
\l__xeCJK_mixed_punct_width_dim=\dimen385
\l__xeCJK_middle_punct_width_dim=\dimen386
\l__xeCJK_fixed_margin_width_dim=\dimen387
\l__xeCJK_mixed_margin_width_dim=\dimen388
\l__xeCJK_middle_margin_width_dim=\dimen389
\l__xeCJK_bound_punct_width_dim=\dimen390
\l__xeCJK_bound_margin_width_dim=\dimen391
\l__xeCJK_margin_minimum_dim=\dimen392
\l__xeCJK_kerning_total_width_dim=\dimen393
\l__xeCJK_same_align_margin_dim=\dimen394
\l__xeCJK_different_align_margin_dim=\dimen395
\l__xeCJK_kerning_margin_width_dim=\dimen396
\l__xeCJK_kerning_margin_minimum_dim=\dimen397
\l__xeCJK_bound_dim=\dimen398
\l__xeCJK_reverse_bound_dim=\dimen399
\l__xeCJK_margin_dim=\dimen400
\l__xeCJK_minimum_bound_dim=\dimen401
\l__xeCJK_kerning_margin_dim=\dimen402
\g__xeCJK_family_int=\count424
\l__xeCJK_fam_int=\count425
\g__xeCJK_fam_allocation_int=\count426
\l__xeCJK_verb_case_int=\count427
\l__xeCJK_verb_exspace_skip=\skip86
 (/usr/local/texlive/2022/texmf-dist/tex/xelatex/xecjk/xeCJK-listings.sty
Package: xeCJK-listings 2021/12/12 v3.8.8 xeCJK patch file for listings
\l__xeCJK_listings_max_char_int=\count428
\l__xeCJK_listings_flag_int=\count429
) (/usr/local/texlive/2022/texmf-dist/tex/xelatex/xecjk/xeCJK.cfg
File: xeCJK.cfg 2021/12/12 v3.8.8 Configuration file for xeCJK package
)) (/usr/local/texlive/2022/texmf-dist/tex/xelatex/xecjk/xeCJKfntef.sty
Package: xeCJKfntef 2021/12/12 v3.8.8 xeCJK font effect
 (/usr/local/texlive/2022/texmf-dist/tex/generic/ulem/ulem.sty
\UL@box=\box94
\UL@hyphenbox=\box95
\UL@skip=\skip87
\UL@hook=\toks68
\UL@height=\dimen403
\UL@pe=\count430
\UL@pixel=\dimen404
\ULC@box=\box96
Package: ulem 2019/11/18
\ULdepth=\dimen405
)
\l__xeCJK_space_skip=\skip88
\c__xeCJK_ulem-begin_node_dim=\dimen406
\l__xeCJK_hidden_box=\box97
\l__xeCJK_fntef_box=\box98
\l__xeCJK_under_symbol_box=\box99
\c__xeCJK_filll_skip=\skip89
)

Package fontspec Info: Font family 'TimesNewRoman(0)' created for font 'Times
(fontspec)             New Roman' with options
(fontspec)             [Mapping=tex-text,Ligatures=TeX].
(fontspec)              
(fontspec)              This font family consists of the following NFSS
(fontspec)             series/shapes:
(fontspec)              
(fontspec)             - 'normal' (m/n) with NFSS spec.: <->"Times New
(fontspec)             Roman/OT:script=latn;language=dflt;mapping=tex-text;"
(fontspec)             - 'small caps'  (m/sc) with NFSS spec.: 
(fontspec)             - 'bold' (b/n) with NFSS spec.: <->"Times New
(fontspec)             Roman/B/OT:script=latn;language=dflt;mapping=tex-text;"
(fontspec)             - 'bold small caps'  (b/sc) with NFSS spec.: 
(fontspec)             - 'italic' (m/it) with NFSS spec.: <->"Times New
(fontspec)             Roman/I/OT:script=latn;language=dflt;mapping=tex-text;"
(fontspec)             - 'italic small caps'  (m/scit) with NFSS spec.: 
(fontspec)             - 'bold italic' (b/it) with NFSS spec.: <->"Times New
(fontspec)             Roman/BI/OT:script=latn;language=dflt;mapping=tex-text;"
(fontspec)             - 'bold italic small caps'  (b/scit) with NFSS spec.: 


Package fontspec Info: Font family 'DFKai-SB(0)' created for font 'DFKai-SB'
(fontspec)             with options
(fontspec)             [Mapping=tex-text,Script={CJK},AutoFakeBold={4},AutoFakeSlant={0.167}].
(fontspec)              
(fontspec)              This font family consists of the following NFSS
(fontspec)             series/shapes:
(fontspec)              
(fontspec)             - 'normal' (m/n) with NFSS spec.:
(fontspec)             <->"DFKai-SB/OT:script=hani;language=dflt;mapping=tex-text;"
(fontspec)             - 'small caps'  (m/sc) with NFSS spec.: 
(fontspec)             - 'bold' (b/n) with NFSS spec.:
(fontspec)             <->"DFKai-SB/OT:script=hani;language=dflt;embolden=4;mapping=tex-text;"
(fontspec)             - 'bold small caps'  (b/sc) with NFSS spec.: 
(fontspec)             - 'italic' (m/it) with NFSS spec.:
(fontspec)             <->"DFKai-SB/OT:script=hani;language=dflt;slant=0.167;mapping=tex-text;"
(fontspec)             - 'italic small caps'  (m/scit) with NFSS spec.: 
(fontspec)             - 'bold italic' (b/it) with NFSS spec.:
(fontspec)             <->"DFKai-SB/OT:script=hani;language=dflt;embolden=4;slant=0.167;mapping=tex-text;"
(fontspec)             - 'bold italic small caps'  (b/scit) with NFSS spec.: 

 (./ntuvars.tex))

Package hyperref Warning: Token not allowed in a PDF string (Unicode):
(hyperref)                removing `\new@ifnextchar' on input line 111.


Package hyperref Warning: Token not allowed in a PDF string (Unicode):
(hyperref)                removing `\new@ifnextchar' on input line 111.

(/usr/local/texlive/2022/texmf-dist/tex/latex/setspace/setspace.sty
Package: setspace 2011/12/19 v6.7a set line spacing
) (/usr/local/texlive/2022/texmf-dist/tex/latex/textpos/textpos.sty
Package: textpos 2020/09/26 v1.10

Package: textpos 2020/09/26 1.10, absolute positioning of text on the page
Package textpos Info: choosing support for LaTeX3 on input line 61.
\TP@textbox=\box100
\TP@holdbox=\box101
\TPHorizModule=\dimen407
\TPVertModule=\dimen408
\TP@margin=\dimen409
\TP@absmargin=\dimen410
Grid set 16 x 16 = 37.34424pt x 52.81541pt
\TPboxrulesize=\dimen411
\TP@ox=\dimen412
\TP@oy=\dimen413
\TP@tbargs=\toks69
TextBlockOrigin set to 0pt x 0pt
)
TextBlockOrigin set to 0mm x 0mm
) (./XeCJKsetting.tex (/usr/local/texlive/2022/texmf-dist/tex/latex/cjk/texinput/CJKnumb.sty
Package: CJKnumb 2021/10/16 4.8.5
\CJK@q=\count431
\CJK@r=\count432
) (/usr/local/texlive/2022/texmf-dist/tex/latex/titlesec/titletoc.sty
Package: titletoc 2021/07/05 v2.14 TOC entries
\ttl@leftsep=\dimen414
) (/usr/local/texlive/2022/texmf-dist/tex/latex/titlesec/titlesec.sty
Package: titlesec 2021/07/05 v2.14 Sectioning titles
\ttl@box=\box102
\beforetitleunit=\skip90
\aftertitleunit=\skip91
\ttl@plus=\dimen415
\ttl@minus=\dimen416
\ttl@toksa=\toks70
\titlewidth=\dimen417
\titlewidthlast=\dimen418
\titlewidthfirst=\dimen419
)) (/usr/local/texlive/2022/texmf-dist/tex/latex/tools/longtable.sty
Package: longtable 2021-09-01 v4.17 Multi-page Table package (DPC)
\LTleft=\skip92
\LTright=\skip93
\LTpre=\skip94
\LTpost=\skip95
\LTchunksize=\count433
\LTcapwidth=\dimen420
\LT@head=\box103
\LT@firsthead=\box104
\LT@foot=\box105
\LT@lastfoot=\box106
\LT@gbox=\box107
\LT@cols=\count434
\LT@rows=\count435
\c@LT@tables=\count436
\c@LT@chunks=\count437
\LT@p@ftn=\toks71
) (/usr/local/texlive/2022/texmf-dist/tex/latex/caption/caption.sty
Package: caption 2022/03/01 v3.6b Customizing captions (AR)
 (/usr/local/texlive/2022/texmf-dist/tex/latex/caption/caption3.sty
Package: caption3 2022/03/17 v2.3b caption3 kernel (AR)
\caption@tempdima=\dimen421
\captionmargin=\dimen422
\caption@leftmargin=\dimen423
\caption@rightmargin=\dimen424
\caption@width=\dimen425
\caption@indent=\dimen426
\caption@parindent=\dimen427
\caption@hangindent=\dimen428
Package caption Info: Standard document class detected.
)
\c@caption@flags=\count438
\c@continuedfloat=\count439
Package caption Info: changepage package is loaded.
\caption@adjustwidth@hsize=\dimen429
\caption@adjustwidth@linewidth=\dimen430
Package caption Info: float package is loaded.
Package caption Info: hyperref package is loaded.
Package caption Info: listings package is loaded.
Package caption Info: longtable package is loaded.
 (/usr/local/texlive/2022/texmf-dist/tex/latex/caption/ltcaption.sty
Package: ltcaption 2021/01/08 v1.4c longtable captions (AR)
)
Package caption Info: rotating package is loaded.
) (/usr/local/texlive/2022/texmf-dist/tex/latex/siunitx/siunitx.sty
Package: siunitx 2022-02-15 v3.0.49 A comprehensive (SI) units package
\l__siunitx_angle_tmp_dim=\dimen431
\l__siunitx_angle_marker_box=\box108
\l__siunitx_angle_unit_box=\box109
\l__siunitx_compound_count_int=\count440
 (/usr/local/texlive/2022/texmf-dist/tex/latex/translations/translations.sty
Package: translations 2022/02/05 v1.12 internationalization of LaTeX2e packages (CN)
)
\l__siunitx_number_exponent_fixed_int=\count441
\l__siunitx_number_min_decimal_int=\count442
\l__siunitx_number_min_integer_int=\count443
\l__siunitx_number_round_precision_int=\count444
\l__siunitx_number_group_minimum_int=\count445
\l__siunitx_table_tmp_box=\box110
\l__siunitx_table_tmp_dim=\dimen432
\l__siunitx_table_column_width_dim=\dimen433
\l__siunitx_table_integer_box=\box111
\l__siunitx_table_decimal_box=\box112
\l__siunitx_table_before_box=\box113
\l__siunitx_table_after_box=\box114
\l__siunitx_table_before_dim=\dimen434
\l__siunitx_table_carry_dim=\dimen435
\l__siunitx_unit_tmp_int=\count446
\l__siunitx_unit_position_int=\count447
\l__siunitx_unit_total_int=\count448
)
Package translations Info: No language package found. I am going to use `english' as default language. on input line 12.
 (./thesis.aux)
\openout1 = `thesis.aux'.

LaTeX Font Info:    Checking defaults for OML/cmm/m/it on input line 12.
LaTeX Font Info:    ... okay on input line 12.
LaTeX Font Info:    Checking defaults for OMS/cmsy/m/n on input line 12.
LaTeX Font Info:    ... okay on input line 12.
LaTeX Font Info:    Checking defaults for OT1/cmr/m/n on input line 12.
LaTeX Font Info:    ... okay on input line 12.
LaTeX Font Info:    Checking defaults for T1/cmr/m/n on input line 12.
LaTeX Font Info:    ... okay on input line 12.
LaTeX Font Info:    Checking defaults for TS1/cmr/m/n on input line 12.
LaTeX Font Info:    Trying to load font information for TS1+cmr on input line 12.
 (/usr/local/texlive/2022/texmf-dist/tex/latex/base/ts1cmr.fd
File: ts1cmr.fd 2019/12/16 v2.5j Standard LaTeX font definitions
)
LaTeX Font Info:    ... okay on input line 12.
LaTeX Font Info:    Checking defaults for TU/lmr/m/n on input line 12.
LaTeX Font Info:    ... okay on input line 12.
LaTeX Font Info:    Checking defaults for OMX/cmex/m/n on input line 12.
LaTeX Font Info:    ... okay on input line 12.
LaTeX Font Info:    Checking defaults for U/cmr/m/n on input line 12.
LaTeX Font Info:    ... okay on input line 12.
LaTeX Font Info:    Checking defaults for PD1/pdf/m/n on input line 12.
LaTeX Font Info:    ... okay on input line 12.
LaTeX Font Info:    Checking defaults for PU/pdf/m/n on input line 12.
LaTeX Font Info:    ... okay on input line 12.
Package hyperref Info: Link coloring ON on input line 12.
 (/usr/local/texlive/2022/texmf-dist/tex/latex/hyperref/nameref.sty
Package: nameref 2021-04-02 v2.47 Cross-referencing by name of section
 (/usr/local/texlive/2022/texmf-dist/tex/generic/gettitlestring/gettitlestring.sty
Package: gettitlestring 2019/12/15 v1.6 Cleanup title references (HO)
)
\c@section@level=\count449
)
LaTeX Info: Redefining \ref on input line 12.
LaTeX Info: Redefining \pageref on input line 12.
LaTeX Info: Redefining \nameref on input line 12.
 (./thesis.out) (./thesis.out)
\@outlinefile=\write6
\openout6 = `thesis.out'.

 (/usr/local/texlive/2022/texmf-dist/tex/latex/pdflscape/pdflscape.sty
Package: pdflscape 2019/12/05 v0.12 Display of landscape pages in PDF (HO)
 (/usr/local/texlive/2022/texmf-dist/tex/latex/graphics/lscape.sty
Package: lscape 2020/05/28 v3.02 Landscape Pages (DPC)
)
Package pdflscape Info: Auto-detected driver: dvipdfm (xetex) on input line 98.
)
\c@lstlisting=\count450

*geometry* driver: auto-detecting
*geometry* detected driver: xetex
*geometry* verbose mode - [ preamble ] result:
* driver: xetex
* paper: a4paper
* layout: <same size as paper>
* layoutoffset:(h,v)=(0.0pt,0.0pt)
* modes: 
* h-part:(L,W,R)=(85.35826pt, 426.79135pt, 85.35826pt)
* v-part:(T,H,B)=(85.35826pt, 702.78308pt, 56.9055pt)
* \paperwidth=597.50787pt
* \paperheight=845.04684pt
* \textwidth=426.79135pt
* \textheight=702.78308pt
* \oddsidemargin=13.08827pt
* \evensidemargin=13.08827pt
* \topmargin=-18.78552pt
* \headheight=12.0pt
* \headsep=19.8738pt
* \topskip=12.0pt
* \footskip=30.0pt
* \marginparwidth=38.0pt
* \marginparsep=7.0pt
* \columnsep=10.0pt
* \skip\footins=10.8pt plus 4.0pt minus 2.0pt
* \hoffset=0.0pt
* \voffset=0.0pt
* \mag=1000
* \@twocolumnfalse
* \@twosidefalse
* \@mparswitchfalse
* \@reversemarginfalse
* (1in=72.27pt=25.4mm, 1cm=28.453pt)


Package fontspec Info: Adjusting the maths setup (use [no-math] to avoid
(fontspec)             this).

\symlegacymaths=\mathgroup6
LaTeX Font Info:    Overwriting symbol font `legacymaths' in version `bold'
(Font)                  OT1/cmr/m/n --> OT1/cmr/bx/n on input line 12.
LaTeX Font Info:    Redeclaring math accent \acute on input line 12.
LaTeX Font Info:    Redeclaring math accent \grave on input line 12.
LaTeX Font Info:    Redeclaring math accent \ddot on input line 12.
LaTeX Font Info:    Redeclaring math accent \tilde on input line 12.
LaTeX Font Info:    Redeclaring math accent \bar on input line 12.
LaTeX Font Info:    Redeclaring math accent \breve on input line 12.
LaTeX Font Info:    Redeclaring math accent \check on input line 12.
LaTeX Font Info:    Redeclaring math accent \hat on input line 12.
LaTeX Font Info:    Redeclaring math accent \dot on input line 12.
LaTeX Font Info:    Redeclaring math accent \mathring on input line 12.
LaTeX Font Info:    Redeclaring math symbol \Gamma on input line 12.
LaTeX Font Info:    Redeclaring math symbol \Delta on input line 12.
LaTeX Font Info:    Redeclaring math symbol \Theta on input line 12.
LaTeX Font Info:    Redeclaring math symbol \Lambda on input line 12.
LaTeX Font Info:    Redeclaring math symbol \Xi on input line 12.
LaTeX Font Info:    Redeclaring math symbol \Pi on input line 12.
LaTeX Font Info:    Redeclaring math symbol \Sigma on input line 12.
LaTeX Font Info:    Redeclaring math symbol \Upsilon on input line 12.
LaTeX Font Info:    Redeclaring math symbol \Phi on input line 12.
LaTeX Font Info:    Redeclaring math symbol \Psi on input line 12.
LaTeX Font Info:    Redeclaring math symbol \Omega on input line 12.
LaTeX Font Info:    Redeclaring math symbol \mathdollar on input line 12.
LaTeX Font Info:    Redeclaring symbol font `operators' on input line 12.
LaTeX Font Info:    Encoding `OT1' has changed to `TU' for symbol font
(Font)              `operators' in the math version `normal' on input line 12.
LaTeX Font Info:    Overwriting symbol font `operators' in version `normal'
(Font)                  OT1/cmr/m/n --> TU/TimesNewRoman(0)/m/n on input line 12.
LaTeX Font Info:    Encoding `OT1' has changed to `TU' for symbol font
(Font)              `operators' in the math version `bold' on input line 12.
LaTeX Font Info:    Overwriting symbol font `operators' in version `bold'
(Font)                  OT1/cmr/bx/n --> TU/TimesNewRoman(0)/m/n on input line 12.
LaTeX Font Info:    Overwriting symbol font `operators' in version `normal'
(Font)                  TU/TimesNewRoman(0)/m/n --> TU/TimesNewRoman(0)/m/n on input line 12.
LaTeX Font Info:    Overwriting math alphabet `\mathit' in version `normal'
(Font)                  OT1/cmr/m/it --> TU/TimesNewRoman(0)/m/it on input line 12.
LaTeX Font Info:    Overwriting math alphabet `\mathbf' in version `normal'
(Font)                  OT1/cmr/bx/n --> TU/TimesNewRoman(0)/b/n on input line 12.
LaTeX Font Info:    Overwriting math alphabet `\mathsf' in version `normal'
(Font)                  OT1/cmss/m/n --> TU/lmss/m/n on input line 12.
LaTeX Font Info:    Overwriting math alphabet `\mathtt' in version `normal'
(Font)                  OT1/cmtt/m/n --> TU/lmtt/m/n on input line 12.
LaTeX Font Info:    Overwriting symbol font `operators' in version `bold'
(Font)                  TU/TimesNewRoman(0)/m/n --> TU/TimesNewRoman(0)/b/n on input line 12.
LaTeX Font Info:    Overwriting math alphabet `\mathit' in version `bold'
(Font)                  OT1/cmr/bx/it --> TU/TimesNewRoman(0)/b/it on input line 12.
LaTeX Font Info:    Overwriting math alphabet `\mathsf' in version `bold'
(Font)                  OT1/cmss/bx/n --> TU/lmss/b/n on input line 12.
LaTeX Font Info:    Overwriting math alphabet `\mathtt' in version `bold'
(Font)                  OT1/cmtt/m/n --> TU/lmtt/b/n on input line 12.
Package caption Info: Begin \AtBeginDocument code.
Package caption Info: End \AtBeginDocument code.
(/usr/local/texlive/2022/texmf-dist/tex/latex/translations/translations-basic-dictionary-english.trsl
File: translations-basic-dictionary-english.trsl (english translation file `translations-basic-dictionary')
)
Package translations Info: loading dictionary `translations-basic-dictionary' for `english'. on input line 12.
*geometry* verbose mode - [ newgeometry ] result:
* driver: xetex
* paper: a4paper
* layout: <same size as paper>
* layoutoffset:(h,v)=(0.0pt,0.0pt)
* modes: 
* h-part:(L,W,R)=(89.62709pt, 418.25368pt, 89.6271pt)
* v-part:(T,H,B)=(113.81102pt, 645.87756pt, 85.35826pt)
* \paperwidth=597.50787pt
* \paperheight=845.04684pt
* \textwidth=418.25368pt
* \textheight=645.87756pt
* \oddsidemargin=17.3571pt
* \evensidemargin=17.3571pt
* \topmargin=9.66724pt
* \headheight=12.0pt
* \headsep=19.8738pt
* \topskip=12.0pt
* \footskip=30.0pt
* \marginparwidth=38.0pt
* \marginparsep=7.0pt
* \columnsep=10.0pt
* \skip\footins=10.8pt plus 4.0pt minus 2.0pt
* \hoffset=0.0pt
* \voffset=0.0pt
* \mag=1000
* \@twocolumnfalse
* \@twosidefalse
* \@mparswitchfalse
* \@reversemarginfalse
* (1in=72.27pt=25.4mm, 1cm=28.453pt)

LaTeX Font Info:    Calculating math sizes for size <16> on input line 26.


LaTeX Font Warning: Font shape `OML/cmm/m/it' in size <16> not available
(Font)              size <17.28> substituted on input line 26.


LaTeX Font Warning: Font shape `OMS/cmsy/m/n' in size <16> not available
(Font)              size <17.28> substituted on input line 26.

LaTeX Font Info:    Trying to load font information for U+msa on input line 26.
(/usr/local/texlive/2022/texmf-dist/tex/latex/amsfonts/umsa.fd
File: umsa.fd 2013/01/14 v3.01 AMS symbols A
)
LaTeX Font Info:    Trying to load font information for U+msb on input line 26.
 (/usr/local/texlive/2022/texmf-dist/tex/latex/amsfonts/umsb.fd
File: umsb.fd 2013/01/14 v3.01 AMS symbols B
)

LaTeX Font Warning: Font shape `OT1/cmr/m/n' in size <16> not available
(Font)              size <17.28> substituted on input line 26.

File: watermark.pdf Graphic file (type pdf)
<use watermark.pdf>
[1



] (./thesis.toc
File: watermark.pdf Graphic file (type pdf)
<use watermark.pdf>
 [1



]
File: watermark.pdf Graphic file (type pdf)
<use watermark.pdf>
 [2])
\tf@toc=\write7
\openout7 = `thesis.toc'.

File: watermark.pdf Graphic file (type pdf)
<use watermark.pdf>
 [3] (./thesis.lof

LaTeX Warning: Citation `iot' on page iv undefined on input line 3.


LaTeX Warning: Citation `survey_light2018' on page iv undefined on input line 8.


LaTeX Warning: Citation `survey_light2020' on page iv undefined on input line 9.


LaTeX Warning: Citation `survey_light2018' on page iv undefined on input line 10.


LaTeX Warning: Citation `pic:fingerprinting' on page iv undefined on input line 11.


LaTeX Warning: Citation `pic:image_processing' on page iv undefined on input line 12.


LaTeX Warning: Citation `pic:aruco' on page iv undefined on input line 13.


LaTeX Warning: Citation `Spectrum' on page iv undefined on input line 14.


LaTeX Warning: Citation `survey_rfid' on page iv undefined on input line 16.


LaTeX Warning: Citation `landmarc' on page iv undefined on input line 17.


LaTeX Warning: Citation `case:rfid_1to1' on page iv undefined on input line 18.


LaTeX Warning: Citation `pic:vlc' on page iv undefined on input line 19.


LaTeX Warning: Citation `astm' on page iv undefined on input line 21.


LaTeX Warning: Citation `pic:rolling_shutter' on page iv undefined on input line 23.


LaTeX Warning: Citation `pic:rolling_shutter_case' on page iv undefined on input line 24.


LaTeX Warning: Citation `pic:multipath' on page iv undefined on input line 25.


LaTeX Warning: Citation `case:ml' on page iv undefined on input line 26.


LaTeX Warning: Citation `case:ml' on page iv undefined on input line 27.


LaTeX Warning: Citation `case:3d_layers' on page iv undefined on input line 28.


LaTeX Warning: Citation `case:ml' on page iv undefined on input line 31.

File: watermark.pdf Graphic file (type pdf)
<use watermark.pdf>
[4

]

LaTeX Warning: Citation `case:3d_layers' on page v undefined on input line 47.


LaTeX Warning: Citation `case:aoa' on page v undefined on input line 48.


LaTeX Warning: Citation `case:hypercube' on page v undefined on input line 49.


LaTeX Warning: Citation `case:hypercube' on page v undefined on input line 50.


LaTeX Warning: Citation `case:hypercube' on page v undefined on input line 51.


LaTeX Warning: Citation `case:3d_layers' on page v undefined on input line 52.


LaTeX Warning: Citation `case:3d_layers' on page v undefined on input line 53.


LaTeX Warning: Citation `case:cart3d' on page v undefined on input line 54.

File: watermark.pdf Graphic file (type pdf)
<use watermark.pdf>
[5])
\tf@lof=\write8
\openout8 = `thesis.lof'.

 (./Chapter/SymbolList.tex
File: watermark.pdf Graphic file (type pdf)
<use watermark.pdf>
 [6]
Overfull \hbox (96.42757pt too wide) in alignment at lines 14--21
[] [] 
 []

File: watermark.pdf Graphic file (type pdf)
<use watermark.pdf>
[7

]
File: watermark.pdf Graphic file (type pdf)
<use watermark.pdf>
 [8]
File: ch1pic/not_whole.png Graphic file (type bmp)
<ch1pic/not_whole.png>
)
File: watermark.pdf Graphic file (type pdf)
<use watermark.pdf>
 [9] (./chapter/01Introduction.tex
Chapter 1.

LaTeX Warning: Citation `iot' on page 1 undefined on input line 7.

File: ch1pic/iot.png Graphic file (type bmp)
<ch1pic/iot.png>

LaTeX Warning: Citation `iot' on page 1 undefined on input line 12.


LaTeX Warning: Citation `iot' on page 1 undefined on input line 12.

File: watermark.pdf Graphic file (type pdf)
<use watermark.pdf>
[1


]

LaTeX Warning: Citation `outdoor_scenario' on page 2 undefined on input line 20.


LaTeX Warning: Citation `GPS_important' on page 2 undefined on input line 20.


LaTeX Warning: Citation `survey_light2020' on page 2 undefined on input line 20.


LaTeX Warning: Citation `survey_light2018' on page 2 undefined on input line 20.


LaTeX Warning: Citation `survey_indoor2014' on page 2 undefined on input line 22.


LaTeX Warning: Citation `survey_light2020' on page 2 undefined on input line 24.


LaTeX Warning: Citation `survey_light2018' on page 2 undefined on input line 24.


LaTeX Warning: Citation `survey_indoor2014' on page 2 undefined on input line 24.


LaTeX Warning: Citation `survey_indoor2018' on page 2 undefined on input line 24.


LaTeX Warning: Citation `survey:indoor_wayfinding' on page 2 undefined on input line 24.

File: ch1pic/imagine.png Graphic file (type bmp)
<ch1pic/imagine.png>
File: watermark.pdf Graphic file (type pdf)
<use watermark.pdf>
[2]

LaTeX Warning: Citation `survey_indoor2018' on page 3 undefined on input line 90.


LaTeX Warning: Citation `survey:indoor_wayfinding' on page 3 undefined on input line 101.


LaTeX Warning: Citation `survey_indoor2014' on page 3 undefined on input line 101.


LaTeX Warning: Citation `survey_indoor2014' on page 3 undefined on input line 101.


LaTeX Warning: Citation `survey:indoor_wayfinding' on page 3 undefined on input line 101.

File: watermark.pdf Graphic file (type pdf)
<use watermark.pdf>
[3]

LaTeX Warning: Citation `survey_indoor2014' on page 4 undefined on input line 106.


LaTeX Warning: Citation `survey:radio' on page 4 undefined on input line 111.


LaTeX Warning: Citation `survey:indoor_wayfinding' on page 4 undefined on input line 111.

File: watermark.pdf Graphic file (type pdf)
<use watermark.pdf>
[4]

LaTeX Warning: Citation `survey_light2020' on page 5 undefined on input line 134.


LaTeX Warning: Citation `survey:indoor_wayfinding' on page 5 undefined on input line 139.


LaTeX Warning: Citation `case:vlc_mobile' on page 5 undefined on input line 144.


LaTeX Warning: Citation `survey_indoor2018' on page 5 undefined on input line 147.

File: watermark.pdf Graphic file (type pdf)
<use watermark.pdf>
[5]
File: watermark.pdf Graphic file (type pdf)
<use watermark.pdf>
 [6]) (./chapter/02LiteratureReview.tex
File: watermark.pdf Graphic file (type pdf)
<use watermark.pdf>
 [7]
Chapter 2.
File: ch2pic/homo_trans.png Graphic file (type bmp)
<ch2pic/homo_trans.png>
File: watermark.pdf Graphic file (type pdf)
<use watermark.pdf>
[8

]
File: ch1pic/intro_pos.png Graphic file (type bmp)
<ch1pic/intro_pos.png>


LaTeX Warning: `h' float specifier changed to `ht'.

File: ch2pic/method_sort.png Graphic file (type bmp)
<ch2pic/method_sort.png>

LaTeX Warning: Citation `survey_light2018' on page 9 undefined on input line 115.


LaTeX Warning: Citation `survey_light2018' on page 9 undefined on input line 115.

File: watermark.pdf Graphic file (type pdf)
<use watermark.pdf>
[9]

LaTeX Warning: Citation `survey_indoor2018' on page 10 undefined on input line 119.


LaTeX Warning: Citation `survey_indoor2014' on page 10 undefined on input line 121.

File: watermark.pdf Graphic file (type pdf)
<use watermark.pdf>
[10]
File: ch2pic/multilateration.png Graphic file (type bmp)
<ch2pic/multilateration.png>


LaTeX Warning: Citation `survey_light2020' on page 11 undefined on input line 138.


LaTeX Warning: Citation `survey_light2020' on page 11 undefined on input line 138.

File: ch2pic/triangulation.png Graphic file (type bmp)
<ch2pic/triangulation.png>

LaTeX Warning: Citation `survey_light2018' on page 11 undefined on input line 149.


LaTeX Warning: Citation `survey_light2018' on page 11 undefined on input line 149.


LaTeX Warning: Citation `survey_light2020' on page 11 undefined on input line 156.

File: ch2pic/fingerprinting.png Graphic file (type bmp)
<ch2pic/fingerprinting.png>

LaTeX Warning: Citation `pic:fingerprinting' on page 11 undefined on input line 160.


LaTeX Warning: Citation `pic:fingerprinting' on page 11 undefined on input line 160.

File: watermark.pdf Graphic file (type pdf)
<use watermark.pdf>
[11]

LaTeX Warning: Citation `pic:image_processing' on page 12 undefined on input line 167.

File: ch2pic/image_processing.png Graphic file (type bmp)
<ch2pic/image_processing.png>

LaTeX Warning: Citation `pic:image_processing' on page 12 undefined on input line 172.


LaTeX Warning: Citation `pic:image_processing' on page 12 undefined on input line 172.

File: ch2pic/aruco.png Graphic file (type bmp)
<ch2pic/aruco.png>

LaTeX Warning: Citation `pic:aruco' on page 12 undefined on input line 182.


LaTeX Warning: Citation `pic:aruco' on page 12 undefined on input line 182.


LaTeX Warning: `h' float specifier changed to `ht'.

File: watermark.pdf Graphic file (type pdf)
<use watermark.pdf>
[12]

LaTeX Warning: Citation `survey_light2020' on page 13 undefined on input line 189.


LaTeX Warning: Citation `survey_indoor2018' on page 13 undefined on input line 194.


LaTeX Warning: Citation `survey_ultrasonic' on page 13 undefined on input line 207.

File: ch2pic/electro_spectrum.png Graphic file (type bmp)
<ch2pic/electro_spectrum.png>

LaTeX Warning: Citation `Spectrum' on page 13 undefined on input line 214.


LaTeX Warning: Citation `Spectrum' on page 13 undefined on input line 214.


LaTeX Warning: `h' float specifier changed to `ht'.

File: watermark.pdf Graphic file (type pdf)
<use watermark.pdf>
[13]

LaTeX Warning: Citation `book_electromagnetic' on page 14 undefined on input line 220.

File: ch2pic/electro_sort.png Graphic file (type bmp)
<ch2pic/electro_sort.png>

LaTeX Warning: Citation `rf_law' on page 14 undefined on input line 245.


LaTeX Warning: Citation `survey_indoor2018' on page 14 undefined on input line 247.


LaTeX Warning: Citation `survey_indoor2014' on page 14 undefined on input line 247.

File: watermark.pdf Graphic file (type pdf)
<use watermark.pdf>
[14]

LaTeX Warning: Citation `survey_rfid' on page 15 undefined on input line 251.


LaTeX Warning: Citation `landmarc' on page 15 undefined on input line 251.

File: ch2pic/rfid_system.png Graphic file (type bmp)
<ch2pic/rfid_system.png>

LaTeX Warning: Citation `survey_rfid' on page 15 undefined on input line 258.


LaTeX Warning: Citation `survey_rfid' on page 15 undefined on input line 258.

File: ch2pic/landmarc.png Graphic file (type bmp)
<ch2pic/landmarc.png>

LaTeX Warning: Citation `landmarc' on page 15 undefined on input line 265.


LaTeX Warning: Citation `landmarc' on page 15 undefined on input line 265.


LaTeX Warning: Citation `case:rfid_1to1' on page 15 undefined on input line 269.

File: watermark.pdf Graphic file (type pdf)
<use watermark.pdf>
[15]
File: ch2pic/rfid_1to1.png Graphic file (type bmp)
<ch2pic/rfid_1to1.png>


LaTeX Warning: Citation `case:rfid_1to1' on page 16 undefined on input line 274.


LaTeX Warning: Citation `case:rfid_1to1' on page 16 undefined on input line 274.


LaTeX Warning: Citation `survey_light2018' on page 16 undefined on input line 290.


LaTeX Warning: Citation `pic:vlc' on page 16 undefined on input line 290.

File: ch2pic/vlc_flow.png Graphic file (type bmp)
<ch2pic/vlc_flow.png>

LaTeX Warning: Citation `pic:vlc' on page 16 undefined on input line 294.


LaTeX Warning: Citation `pic:vlc' on page 16 undefined on input line 294.


LaTeX Warning: Citation `case:vlc_mobile' on page 16 undefined on input line 298.

File: watermark.pdf Graphic file (type pdf)
<use watermark.pdf>
[16]

LaTeX Warning: Citation `vlc_adv' on page 17 undefined on input line 301.


LaTeX Warning: Citation `datasheet:led_sfh4545' on page 17 undefined on input line 304.


LaTeX Warning: Citation `datasheet:rfid_tag' on page 17 undefined on input line 304.

File: ch2pic/method_compare.png Graphic file (type bmp)
<ch2pic/method_compare.png>
File: watermark.pdf Graphic file (type pdf)
<use watermark.pdf>
[17]

LaTeX Warning: Citation `si_pd' on page 18 undefined on input line 336.


LaTeX Warning: Citation `vlc_adv' on page 18 undefined on input line 339.


LaTeX Warning: Citation `survey_light2020' on page 18 undefined on input line 347.


LaTeX Warning: Citation `book:solar_spectrum' on page 18 undefined on input line 352.

File: ch2pic/solar_spectra.png Graphic file (type bmp)
<ch2pic/solar_spectra.png>

LaTeX Warning: Citation `astm' on page 18 undefined on input line 357.


LaTeX Warning: Citation `astm' on page 18 undefined on input line 357.

File: watermark.pdf Graphic file (type pdf)
<use watermark.pdf>
[18]
File: ch2pic/light_freq_compare.png Graphic file (type bmp)
<ch2pic/light_freq_compare.png>
File: watermark.pdf Graphic file (type pdf)
<use watermark.pdf>
 [19]
File: ch2pic/rolling_shutter.png Graphic file (type bmp)
<ch2pic/rolling_shutter.png>


LaTeX Warning: Citation `pic:rolling_shutter' on page 20 undefined on input line 399.


LaTeX Warning: Citation `pic:rolling_shutter' on page 20 undefined on input line 399.

File: ch2pic/rolling_shutter_case.png Graphic file (type bmp)
<ch2pic/rolling_shutter_case.png>

LaTeX Warning: Citation `pic:rolling_shutter_case' on page 20 undefined on input line 406.


LaTeX Warning: Citation `pic:rolling_shutter_case' on page 20 undefined on input line 406.

File: watermark.pdf Graphic file (type pdf)
<use watermark.pdf>
[20]
File: ch2pic/multipath.png Graphic file (type bmp)
<ch2pic/multipath.png>


LaTeX Warning: Citation `pic:multipath' on page 21 undefined on input line 416.


LaTeX Warning: Citation `pic:multipath' on page 21 undefined on input line 416.

File: ch2pic/vlc_multi_pd.png Graphic file (type bmp)
<ch2pic/vlc_multi_pd.png>

LaTeX Warning: Citation `case:ml' on page 21 undefined on input line 433.


LaTeX Warning: Citation `case:ml' on page 21 undefined on input line 433.


LaTeX Warning: `h' float specifier changed to `ht'.


LaTeX Warning: Citation `case:3d_layers' on page 21 undefined on input line 438.

File: ch2pic/env_finger.png Graphic file (type bmp)
<ch2pic/env_finger.png>

LaTeX Warning: Citation `case:ml' on page 21 undefined on input line 443.


LaTeX Warning: Citation `case:ml' on page 21 undefined on input line 443.


LaTeX Warning: `h' float specifier changed to `ht'.

File: ch2pic/env_1to1.png Graphic file (type bmp)
<ch2pic/env_1to1.png>

LaTeX Warning: Citation `case:3d_layers' on page 21 undefined on input line 450.


LaTeX Warning: Citation `case:3d_layers' on page 21 undefined on input line 450.


LaTeX Warning: `h' float specifier changed to `ht'.

File: ch2pic/pd_camera_sort.png Graphic file (type bmp)
<ch2pic/pd_camera_sort.png>
File: watermark.pdf Graphic file (type pdf)
<use watermark.pdf>
[21]

LaTeX Warning: `h' float specifier changed to `ht'.


Overfull \hbox (6.20865pt too wide) in paragraph at lines 475--476
[]\TU/DFKai-SB(0)/m/n/12 [][]\TU/TimesNewRoman(0)/m/n/12 2.3[][]\TU/DFKai-SB(0)/m/n/12  |                   |    [][]\TU/TimesNewRoman(0)/m/n/12 2.3.1[][]\TU/DFKai-SB(0)/m/n/12  [][]\TU/TimesNewRoman(0)/m/n/12 2.3.2[][]\TU/DFKai-SB(0)/m/n/12 
 []

File: watermark.pdf Graphic file (type pdf)
<use watermark.pdf>
[22]
File: ch2pic/lp_system_structure.png Graphic file (type bmp)
<ch2pic/lp_system_structure.png>


LaTeX Warning: `h' float specifier changed to `ht'.


LaTeX Warning: Citation `case:ml' on page 23 undefined on input line 527.

File: ch2pic/ml_pd_config.png Graphic file (type bmp)
<ch2pic/ml_pd_config.png>

LaTeX Warning: Citation `case:ml' on page 23 undefined on input line 532.


LaTeX Warning: Citation `case:ml' on page 23 undefined on input line 532.


LaTeX Warning: `h' float specifier changed to `ht'.

File: ch2pic/lp_system_flow.png Graphic file (type bmp)
<ch2pic/lp_system_flow.png>

LaTeX Warning: `h' float specifier changed to `ht'.

File: watermark.pdf Graphic file (type pdf)
<use watermark.pdf>
[23]
File: watermark.pdf Graphic file (type pdf)
<use watermark.pdf>
 [24]

LaTeX Warning: Citation `case:orient' on page 25 undefined on input line 564.


LaTeX Warning: Citation `radiometry_and_photometry' on page 25 undefined on input line 573.

File: ch2pic/photometry_table.png Graphic file (type bmp)
<ch2pic/photometry_table.png>
File: watermark.pdf Graphic file (type pdf)
<use watermark.pdf>
[25]
File: ch2pic/solid_angle.png Graphic file (type bmp)
<ch2pic/solid_angle.png>


LaTeX Warning: `!h' float specifier changed to `!ht'.

File: ch2pic/intensity_irradiance.png Graphic file (type bmp)
<ch2pic/intensity_irradiance.png>

LaTeX Warning: `!h' float specifier changed to `!ht'.

File: watermark.pdf Graphic file (type pdf)
<use watermark.pdf>
[26]
File: ch2pic/vec_config.png Graphic file (type bmp)
<ch2pic/vec_config.png>
File: watermark.pdf Graphic file (type pdf)
<use watermark.pdf>
 [27]
File: ch2pic/LED_config.png Graphic file (type bmp)
<ch2pic/LED_config.png>
File: ch2pic/lambertian.png Graphic file (type bmp)
<ch2pic/lambertian.png>


LaTeX Warning: `h' float specifier changed to `ht'.

File: watermark.pdf Graphic file (type pdf)
<use watermark.pdf>
[28]
File: ch2pic/3d_angle.png Graphic file (type bmp)
<ch2pic/3d_angle.png>
File: ch2pic/lambertian_3d.png Graphic file (type bmp)
<ch2pic/lambertian_3d.png>
File: watermark.pdf Graphic file (type pdf)
<use watermark.pdf>
 [29]
File: ch2pic/hardware_para.png Graphic file (type bmp)
<ch2pic/hardware_para.png>
File: watermark.pdf Graphic file (type pdf)
<use watermark.pdf>
 [30]
File: watermark.pdf Graphic file (type pdf)
<use watermark.pdf>
 [31]
File: ch2pic/lambertian_led.png Graphic file (type bmp)
<ch2pic/lambertian_led.png>
File: watermark.pdf Graphic file (type pdf)
<use watermark.pdf>
 [32]
File: ch2pic/interactive_1to1.png Graphic file (type bmp)
<ch2pic/interactive_1to1.png>


LaTeX Warning: `h' float specifier changed to `ht'.

File: watermark.pdf Graphic file (type pdf)
<use watermark.pdf>
[33]
File: ch2pic/interactive_mul.png Graphic file (type bmp)
<ch2pic/interactive_mul.png>
File: watermark.pdf Graphic file (type pdf)
<use watermark.pdf>
 [34]
File: ch2pic/relative_vs_coor.png Graphic file (type bmp)
<ch2pic/relative_vs_coor.png>
File: ch2pic/model_transform_flow.png Graphic file (type bmp)
<ch2pic/model_transform_flow.png>


LaTeX Warning: `h' float specifier changed to `ht'.

File: watermark.pdf Graphic file (type pdf)
<use watermark.pdf>
[35]
File: watermark.pdf Graphic file (type pdf)
<use watermark.pdf>
 [36]
File: watermark.pdf Graphic file (type pdf)
<use watermark.pdf>
 [37]

LaTeX Warning: Citation `datasheet:led_vsma' on page 38 undefined on input line 1041.


LaTeX Warning: Citation `survey_light2018' on page 38 undefined on input line 1041.


LaTeX Warning: Citation `survey_light2018' on page 38 undefined on input line 1041.


LaTeX Warning: Citation `case:cart2d' on page 38 undefined on input line 1041.


LaTeX Warning: Citation `case:cart3d' on page 38 undefined on input line 1041.


LaTeX Warning: Citation `survey_light2018' on page 38 undefined on input line 1103.

File: watermark.pdf Graphic file (type pdf)
<use watermark.pdf>
[38]
File: ch2pic/config_orient.png Graphic file (type bmp)
<ch2pic/config_orient.png>


LaTeX Warning: Citation `case:3d_layers' on page 39 undefined on input line 1108.


LaTeX Warning: Citation `case:3d_layers' on page 39 undefined on input line 1108.


LaTeX Warning: Citation `case:cart2d' on page 39 undefined on input line 1149.


LaTeX Warning: Citation `case:cart3d' on page 39 undefined on input line 1149.


LaTeX Warning: Citation `case:3d_layers' on page 39 undefined on input line 1149.


LaTeX Warning: Citation `case:ml' on page 39 undefined on input line 1149.


LaTeX Warning: Citation `survey_light2018' on page 39 undefined on input line 1154.

File: ch2pic/case_parallel.png Graphic file (type bmp)
<ch2pic/case_parallel.png>

LaTeX Warning: Citation `case:aoa' on page 39 undefined on input line 1159.


LaTeX Warning: Citation `case:aoa' on page 39 undefined on input line 1159.


LaTeX Warning: `h' float specifier changed to `ht'.


LaTeX Warning: Citation `case:ml' on page 39 undefined on input line 1164.


LaTeX Warning: Citation `case:cart3d' on page 39 undefined on input line 1164.


LaTeX Warning: Citation `case:3d_layers' on page 39 undefined on input line 1164.


LaTeX Warning: Citation `case:hypercube' on page 39 undefined on input line 1164.

File: watermark.pdf Graphic file (type pdf)
<use watermark.pdf>
[39]

LaTeX Warning: Citation `case:hypercube' on page 40 undefined on input line 1212.

File: watermark.pdf Graphic file (type pdf)
<use watermark.pdf>
[40]

LaTeX Warning: Citation `case:hypercube' on page 41 undefined on input line 1215.

File: ch2pic/hypercube_pd.png Graphic file (type bmp)
<ch2pic/hypercube_pd.png>

LaTeX Warning: Citation `case:hypercube' on page 41 undefined on input line 1220.


LaTeX Warning: Citation `case:hypercube' on page 41 undefined on input line 1220.

File: ch2pic/hypercube_setup.png Graphic file (type bmp)
<ch2pic/hypercube_setup.png>

LaTeX Warning: Citation `case:hypercube' on page 41 undefined on input line 1226.


LaTeX Warning: Citation `case:hypercube' on page 41 undefined on input line 1226.


Overfull \hbox (72.85477pt too wide) in paragraph at lines 1232--1234
\OML/cmm/m/it/12 t[]\OT1/cmr/m/n/12 /\OML/cmm/m/it/12 t[]; [] ^^^[] \OT1/cmr/m/n/12 = \OML/cmm/m/it/12 t[]\OT1/cmr/m/n/12 /\OML/cmm/m/it/12 t[]; [] ^^^[] \OT1/cmr/m/n/12 = \OML/cmm/m/it/12 t[]\OT1/cmr/m/n/12 /\OML/cmm/m/it/12 t[]$\TU/DFKai-SB(0)/m/n/12 |      $\OML/cmm/m/it/12 t[] \OT1/cmr/m/n/12 = [](\OML/cmm/m/it/12 t[]\OT1/cmr/m/n/12 /\OML/cmm/m/it/12 t[]\OT1/cmr/m/n/12 ) = []([] \OML/cmm/m/it/12 ^^^[]\OT1/cmr/m/n/12 / [] \OML/cmm/m/it/12 ^^^[]\OT1/cmr/m/n/12 ) =
 []

File: ch2pic/hypercube_2led.png Graphic file (type bmp)
<ch2pic/hypercube_2led.png>

LaTeX Warning: Citation `case:hypercube' on page 41 undefined on input line 1240.


LaTeX Warning: Citation `case:hypercube' on page 41 undefined on input line 1240.


LaTeX Warning: `h' float specifier changed to `ht'.

File: watermark.pdf Graphic file (type pdf)
<use watermark.pdf>
[41]

LaTeX Warning: Citation `case:3d_layers' on page 42 undefined on input line 1247.


LaTeX Warning: Citation `case:hypercube' on page 42 undefined on input line 1250.

File: ch2pic/layers_2d.png Graphic file (type bmp)
<ch2pic/layers_2d.png>

LaTeX Warning: Citation `case:3d_layers' on page 42 undefined on input line 1274.


LaTeX Warning: Citation `case:3d_layers' on page 42 undefined on input line 1274.

File: ch2pic/layers_3d.png Graphic file (type bmp)
<ch2pic/layers_3d.png>

LaTeX Warning: Citation `case:3d_layers' on page 42 undefined on input line 1281.


LaTeX Warning: Citation `case:3d_layers' on page 42 undefined on input line 1281.


LaTeX Warning: `h' float specifier changed to `ht'.

File: watermark.pdf Graphic file (type pdf)
<use watermark.pdf>
[42]

LaTeX Warning: Citation `case:cart3d' on page 43 undefined on input line 1288.

File: ch2pic/case_cart3d.png Graphic file (type bmp)
<ch2pic/case_cart3d.png>

LaTeX Warning: Citation `case:cart3d' on page 43 undefined on input line 1296.


LaTeX Warning: Citation `case:cart3d' on page 43 undefined on input line 1296.


LaTeX Warning: `h' float specifier changed to `ht'.

File: watermark.pdf Graphic file (type pdf)
<use watermark.pdf>
[43]

LaTeX Warning: Citation `survey_light2018' on page 44 undefined on input line 1327.


LaTeX Warning: Citation `case:hypercube' on page 44 undefined on input line 1327.


LaTeX Warning: Citation `case:3d_layers' on page 44 undefined on input line 1327.


LaTeX Warning: Citation `vlc' on page 44 undefined on input line 1327.


LaTeX Warning: Citation `vlc_adv' on page 44 undefined on input line 1327.


LaTeX Warning: Citation `multipath' on page 44 undefined on input line 1333.

File: watermark.pdf Graphic file (type pdf)
<use watermark.pdf>
[44]) (./chapter/03Method.tex
File: watermark.pdf Graphic file (type pdf)
<use watermark.pdf>
 [45]
Chapter 3.
File: ch3pic/chp3_flow.png Graphic file (type bmp)
<ch3pic/chp3_flow.png>
File: watermark.pdf Graphic file (type pdf)
<use watermark.pdf>
[46

]
Overfull \hbox (3.71828pt too wide) in paragraph at lines 31--33
[]\TU/TimesNewRoman(0)/m/n/12 PD \TU/DFKai-SB(0)/m/n/12         \TU/TimesNewRoman(0)/m/n/12 PD \TU/DFKai-SB(0)/m/n/12     | $[][][] \OT1/cmr/m/n/12 = [][]$ 
 []


Overfull \hbox (25.93298pt too wide) in paragraph at lines 33--35
[]\TU/TimesNewRoman(0)/m/n/12 LED \TU/DFKai-SB(0)/m/n/12         \TU/TimesNewRoman(0)/m/n/12 LED \TU/DFKai-SB(0)/m/n/12     | $[][][] \OT1/cmr/m/n/12 = [][]$ 
 []

File: ch3pic/algorithm_place.png Graphic file (type bmp)
<ch3pic/algorithm_place.png>
File: watermark.pdf Graphic file (type pdf)
<use watermark.pdf>
[47]
File: ch3pic/after_filter.png Graphic file (type bmp)
<ch3pic/after_filter.png>
File: ch3pic/algorithm_flow.png Graphic file (type bmp)
<ch3pic/algorithm_flow.png>


LaTeX Warning: `!h' float specifier changed to `!ht'.

File: watermark.pdf Graphic file (type pdf)
<use watermark.pdf>
[48]
Overfull \hbox (9.93904pt too wide) in paragraph at lines 98--99
[]\TU/DFKai-SB(0)/m/n/12          [][]\TU/TimesNewRoman(0)/m/n/12 3.5[][]\TU/DFKai-SB(0)/m/n/12 |  [][]\TU/TimesNewRoman(0)/m/n/12 3.3.1.1[][]\TU/DFKai-SB(0)/m/n/12  [][]\TU/TimesNewRoman(0)/m/n/12 3.3.1.4[][]\TU/DFKai-SB(0)/m/n/12          $[][][] \OT1/cmr/m/n/12 =
 []

File: ch3pic/orient_flow.png Graphic file (type bmp)
<ch3pic/orient_flow.png>

LaTeX Warning: `!h' float specifier changed to `!ht'.

File: ch3pic/1led_mulpd.png Graphic file (type bmp)
<ch3pic/1led_mulpd.png>

LaTeX Warning: `!h' float specifier changed to `!ht'.

File: watermark.pdf Graphic file (type pdf)
<use watermark.pdf>
[49]

LaTeX Warning: Text page 50 contains only floats.

File: watermark.pdf Graphic file (type pdf)
<use watermark.pdf>
[50]
File: ch3pic/solve_surface.png Graphic file (type bmp)
<ch3pic/solve_surface.png>


LaTeX Warning: `!h' float specifier changed to `!ht'.

File: watermark.pdf Graphic file (type pdf)
<use watermark.pdf>
[51]
File: ch3pic/solve_axis.png Graphic file (type bmp)
<ch3pic/solve_axis.png>
File: watermark.pdf Graphic file (type pdf)
<use watermark.pdf>
 [52]
File: watermark.pdf Graphic file (type pdf)
<use watermark.pdf>
 [53]
File: ch3pic/mulled_1pd.png Graphic file (type bmp)
<ch3pic/mulled_1pd.png>
File: watermark.pdf Graphic file (type pdf)
<use watermark.pdf>
 [54]
File: watermark.pdf Graphic file (type pdf)
<use watermark.pdf>
 [55]) (./chapter/04Analysis.tex
File: watermark.pdf Graphic file (type pdf)
<use watermark.pdf>
 [56]
Chapter 4.
File: ch4pic/simulate_hardware.png Graphic file (type bmp)
<ch4pic/simulate_hardware.png>
File: watermark.pdf Graphic file (type pdf)
<use watermark.pdf>
[57

]
File: watermark.pdf Graphic file (type pdf)
<use watermark.pdf>
 [58]

LaTeX Warning: Reference `chp:evaluate' on page 59 undefined on input line 89.

File: watermark.pdf Graphic file (type pdf)
<use watermark.pdf>
[59]
File: watermark.pdf Graphic file (type pdf)
<use watermark.pdf>
 [60]

LaTeX Warning: Citation `survey_light2018' on page 61 undefined on input line 186.

File: watermark.pdf Graphic file (type pdf)
<use watermark.pdf>
[61]
File: watermark.pdf Graphic file (type pdf)
<use watermark.pdf>
 [62]

LaTeX Warning: Citation `datasheet:led_vsma' on page 63 undefined on input line 294.


LaTeX Warning: Citation `datasheet:hm_L12170' on page 63 undefined on input line 295.


LaTeX Warning: Citation `datasheet:hm_pd' on page 63 undefined on input line 312.


LaTeX Warning: Citation `datasheet:hm_pd' on page 63 undefined on input line 312.


Overfull \hbox (52.91295pt too wide) in paragraph at lines 315--342
 [][] 
 []

File: watermark.pdf Graphic file (type pdf)
<use watermark.pdf>
[63]
File: ch4pic/evaluate_flow.png Graphic file (type bmp)
<ch4pic/evaluate_flow.png>


LaTeX Warning: Reference `chp:hardware_design' on page 64 undefined on input line 379.


Package hyperref Warning: Difference (2) between bookmark levels is greater 
(hyperref)                than one, level fixed on input line 381.

) (./chapter/05Optimize.tex
File: watermark.pdf Graphic file (type pdf)
<use watermark.pdf>
 [64]
File: watermark.pdf Graphic file (type pdf)
<use watermark.pdf>
 [65]
Chapter 5.
File: ch5pic/optimize_flow.png Graphic file (type bmp)
<ch5pic/optimize_flow.png>

LaTeX Warning: `!h' float specifier changed to `!ht'.


LaTeX Warning: Reference `chp:system_perform' on page 66 undefined on input line 30.

File: watermark.pdf Graphic file (type pdf)
<use watermark.pdf>
[66

]
File: watermark.pdf Graphic file (type pdf)
<use watermark.pdf>
 [67]
File: ch5pic/optimize_variable.png Graphic file (type bmp)
<ch5pic/optimize_variable.png>
File: ch5pic/opt_result.png Graphic file (type bmp)
<ch5pic/opt_result.png>


LaTeX Warning: `!h' float specifier changed to `!ht'.

File: watermark.pdf Graphic file (type pdf)
<use watermark.pdf>
[68]) (./chapter/06Conclusion.tex
File: watermark.pdf Graphic file (type pdf)
<use watermark.pdf>
 [69]
Chapter 6.
File: watermark.pdf Graphic file (type pdf)
<use watermark.pdf>
[70

])
File: watermark.pdf Graphic file (type pdf)
<use watermark.pdf>
 [71]
No file thesis.bbl.
(./thesis.aux)

LaTeX Font Warning: Size substitutions with differences
(Font)              up to 1.28pt have occurred.


LaTeX Warning: There were undefined references.

Package rerunfilecheck Info: File `thesis.out' has not changed.
(rerunfilecheck)             Checksum: 14314C5433B719D5D4AFED73E4D393E9;10177.
 ) 
Here is how much of TeX's memory you used:
 43695 strings out of 476179
 952760 string characters out of 5809545
 1365220 words of memory out of 5000000
 63575 multiletter control sequences out of 15000+600000
 481071 words of font info for 106 fonts, out of 8000000 for 9000
 1348 hyphenation exceptions out of 8191
 98i,19n,117p,865b,960s stack positions out of 10000i,1000n,20000p,200000b,200000s

Output written on thesis.pdf (81 pages).
