\BOOKMARK [0][-]{chapter.1}{\376\377\175\322\212\326}{}% 1
\BOOKMARK [1][-]{section.1.1}{\376\377\122\115\212\000}{chapter.1}% 2
\BOOKMARK [1][-]{section.1.2}{\376\377\166\356\152\031\140\305\130\203}{chapter.1}% 3
\BOOKMARK [2][-]{subsection.1.2.1}{\376\377\133\244\121\147\133\232\117\115\200\003\221\317\166\204\227\142\124\021}{section.1.2}% 4
\BOOKMARK [1][-]{section.1.3}{\376\377\170\024\172\166\166\356\166\204}{chapter.1}% 5
\BOOKMARK [1][-]{section.1.4}{\376\377\212\326\145\207\147\266\151\313}{chapter.1}% 6
\BOOKMARK [0][-]{chapter.2}{\376\377\133\244\121\147\133\232\117\115\166\370\225\334\145\207\163\173\143\242\212\016}{}% 7
\BOOKMARK [1][-]{section.2.1}{\376\377\166\370\134\015\133\232\117\115\133\232\177\251}{chapter.2}% 8
\BOOKMARK [1][-]{section.2.2}{\376\377\137\214\206\125\164\006\145\271\154\325\122\006\230\136}{chapter.2}% 9
\BOOKMARK [2][-]{subsection.2.2.1}{\376\377\214\307\212\012\172\056\230\136}{section.2.2}% 10
\BOOKMARK [2][-]{subsection.2.2.2}{\376\377\133\232\117\115\157\024\173\227\154\325}{section.2.2}% 11
\BOOKMARK [2][-]{subsection.2.2.3}{\376\377\134\017\175\120}{section.2.2}% 12
\BOOKMARK [1][-]{section.2.3}{\376\377\133\232\117\115\142\200\210\123\122\006\230\136}{chapter.2}% 13
\BOOKMARK [2][-]{subsection.2.3.1}{\376\377\161\041\175\332\226\373\154\342\153\265\133\232\117\115}{section.2.3}% 14
\BOOKMARK [2][-]{subsection.2.3.2}{\376\377\121\111\154\342\153\265\133\232\117\115}{section.2.3}% 15
\BOOKMARK [3][-]{subsubsection.2.3.2.1}{\376\377\154\342\153\265\122\006\230\136}{subsection.2.3.2}% 16
\BOOKMARK [3][-]{subsubsection.2.3.2.2}{\376\377\143\245\145\066\133\120\230\136\127\213\377\032\000P\000D\202\007\137\161\120\317\141\037\156\054\126\150}{subsection.2.3.2}% 17
\BOOKMARK [2][-]{subsection.2.3.3}{\376\377\134\017\175\120\377\032\147\054\170\024\172\166\117\177\165\050\142\200\210\123\166\204\220\170\144\307}{section.2.3}% 18
\BOOKMARK [1][-]{section.2.4}{\376\377\000L\000E\000D\202\007\000P\000D\166\204\133\232\117\115\145\271\154\325}{chapter.2}% 19
\BOOKMARK [2][-]{subsection.2.4.1}{\376\377\121\111\133\170\136\070\165\050\125\256\117\115\116\313\175\071}{section.2.4}% 20
\BOOKMARK [2][-]{subsection.2.4.2}{\376\377\000L\000E\000D\202\007\000P\000D\166\204\217\073\134\004\162\171\140\047}{section.2.4}% 21
\BOOKMARK [2][-]{subsection.2.4.3}{\376\377\000L\000E\000D\202\007\000P\000D\166\204\175\104\141\113}{section.2.4}% 22
\BOOKMARK [3][-]{subsubsection.2.4.3.1}{\376\377\147\027\123\132\217\073\134\004\152\041\127\213}{subsection.2.4.3}% 23
\BOOKMARK [3][-]{subsubsection.2.4.3.2}{\376\377\000L\000E\000D\162\171\140\047}{subsection.2.4.3}% 24
\BOOKMARK [3][-]{subsubsection.2.4.3.3}{\376\377\000P\000D\162\171\140\047}{subsection.2.4.3}% 25
\BOOKMARK [2][-]{subsection.2.4.4}{\376\377\121\111\120\263\220\136\152\041\127\213}{section.2.4}% 26
\BOOKMARK [3][-]{subsubsection.2.4.4.1}{\376\377\125\256\000L\000E\000D\134\015\125\256\000P\000D\121\111\120\263\220\136\152\041\127\213}{subsection.2.4.4}% 27
\BOOKMARK [3][-]{subsubsection.2.4.4.2}{\376\377\131\032\000L\000E\000D\134\015\131\032\000P\000D\121\111\120\263\220\136\152\041\127\213}{subsection.2.4.4}% 28
\BOOKMARK [3][-]{subsubsection.2.4.4.3}{\376\377\116\345\000L\000E\000D\202\007\000P\000D\136\247\152\031\174\373\116\113\225\223\166\204\136\247\152\031\217\111\143\333\124\110\163\376\121\111\120\263\220\136\152\041\127\213}{subsection.2.4.4}% 29
\BOOKMARK [2][-]{subsection.2.4.5}{\376\377\000L\000E\000D\202\007\000P\000D\133\232\117\115\174\373\175\161\163\376\154\301}{section.2.4}% 30
\BOOKMARK [3][-]{subsubsection.2.4.5.1}{\376\377\000L\000E\000D\202\007\000P\000D\133\232\117\115\155\101\172\013}{subsection.2.4.5}% 31
\BOOKMARK [3][-]{subsubsection.2.4.5.2}{\376\377\136\070\211\213\166\204\000L\000E\000D\202\007\000P\000D\133\232\117\115\174\373\175\161\226\120\122\066}{subsection.2.4.5}% 32
\BOOKMARK [3][-]{subsubsection.2.4.5.3}{\376\377\000L\000E\000D\202\007\000P\000D\133\232\117\115\174\373\175\161\133\346\117\213}{subsection.2.4.5}% 33
\BOOKMARK [2][-]{subsection.2.4.6}{\376\377\000L\000E\000D\202\007\000P\000D\133\232\117\115\174\373\175\161\142\100\220\107\126\360\226\343}{section.2.4}% 34
\BOOKMARK [1][-]{section.2.5}{\376\377\175\120\212\326}{chapter.2}% 35
\BOOKMARK [0][-]{chapter.3}{\376\377\000L\000E\000D\202\007\000P\000D\116\011\175\255\166\370\134\015\117\115\177\156\157\024\173\227\154\325}{}% 36
\BOOKMARK [1][-]{section.3.1}{\376\377\142\330\147\137\150\235\116\366}{chapter.3}% 37
\BOOKMARK [2][-]{subsection.3.1.1}{\376\377\170\154\232\324\220\170\165\050\226\120\122\066}{section.3.1}% 38
\BOOKMARK [2][-]{subsection.3.1.2}{\376\377\000P\000D\175\104\141\113\226\120\122\066}{section.3.1}% 39
\BOOKMARK [2][-]{subsection.3.1.3}{\376\377\000L\000E\000D\175\104\141\113\226\120\122\066}{section.3.1}% 40
\BOOKMARK [1][-]{section.3.2}{\376\377\212\012\206\137\220\116\157\376}{chapter.3}% 41
\BOOKMARK [1][-]{section.3.3}{\376\377\157\024\173\227\154\325}{chapter.3}% 42
\BOOKMARK [2][-]{subsection.3.3.1}{\376\377\211\343\121\145\134\004\145\271\117\115}{section.3.3}% 43
\BOOKMARK [2][-]{subsection.3.3.2}{\376\377\211\343\121\372\215\335\226\342}{section.3.3}% 44
\BOOKMARK [0][-]{chapter.4}{\376\377\152\041\144\354\202\007\212\244\135\356\122\006\147\220}{}% 45
\BOOKMARK [1][-]{section.4.1}{\376\377\152\041\144\354\145\271\154\325}{chapter.4}% 46
\BOOKMARK [1][-]{section.4.2}{\376\377\212\244\135\356\122\006\147\220}{chapter.4}% 47
\BOOKMARK [1][-]{section.4.3}{\376\377\174\373\175\161\151\202\217\360}{chapter.4}% 48
\BOOKMARK [1][-]{section.4.4}{\376\377\133\232\117\115\157\024\173\227\154\325}{chapter.4}% 49
\BOOKMARK [2][-]{subsection.4.4.1}{\376\377\123\326\137\227\121\145\134\004\211\322\145\271\117\115}{section.4.4}% 50
\BOOKMARK [3][-]{subsubsection.4.4.1.1}{\376\377\131\032\120\013\136\163\227\142\154\102\116\244\216\370\123\163\160\272\211\343}{subsection.4.4.1}% 51
\BOOKMARK [3][-]{subsubsection.4.4.1.2}{\376\377\131\032\211\343\136\163\127\107}{subsection.4.4.1}% 52
\BOOKMARK [2][-]{subsection.4.4.2}{\376\377\123\326\137\227\215\335\226\342}{section.4.4}% 53
\BOOKMARK [1][-]{section.4.5}{\376\377\212\244\135\356\122\006\147\220}{chapter.4}% 54
\BOOKMARK [0][-]{chapter.5}{\376\377\147\000\117\163\123\026}{}% 55
\BOOKMARK [1][-]{section.5.1}{\376\377\174\041\116\313}{chapter.5}% 56
\BOOKMARK [2][-]{subsection.5.1.1}{\376\377\140\305\130\203\212\055\133\232}{section.5.1}% 57
\BOOKMARK [2][-]{subsection.5.1.2}{\376\377\166\356\152\031\121\375\145\170}{section.5.1}% 58
\BOOKMARK [2][-]{subsection.5.1.3}{\376\377\147\000\117\163\123\026\213\212\145\170}{section.5.1}% 59
\BOOKMARK [0][-]{figure.caption.53}{\376\377\123\303\200\003\145\207\163\173}{}% 60
